[2024-01-07T13:53:20.334+0000] {taskinstance.py:1159} INFO - Dependencies all met for dep_context=non-requeueable deps ti=<TaskInstance: ingest_from_postgres_to_GCS_bucket.copy_country_Postgres_To_GCS scheduled__2023-12-23T00:00:00+00:00 [queued]>
[2024-01-07T13:53:20.352+0000] {taskinstance.py:1159} INFO - Dependencies all met for dep_context=requeueable deps ti=<TaskInstance: ingest_from_postgres_to_GCS_bucket.copy_country_Postgres_To_GCS scheduled__2023-12-23T00:00:00+00:00 [queued]>
[2024-01-07T13:53:20.352+0000] {taskinstance.py:1361} INFO - Starting attempt 1 of 3
[2024-01-07T13:53:20.390+0000] {taskinstance.py:1382} INFO - Executing <Task(PythonOperator): copy_country_Postgres_To_GCS> on 2023-12-23 00:00:00+00:00
[2024-01-07T13:53:20.398+0000] {standard_task_runner.py:57} INFO - Started process 880 to run task
[2024-01-07T13:53:20.405+0000] {standard_task_runner.py:84} INFO - Running: ['***', 'tasks', 'run', 'ingest_from_postgres_to_GCS_bucket', 'copy_country_Postgres_To_GCS', 'scheduled__2023-12-23T00:00:00+00:00', '--job-id', '211', '--raw', '--subdir', 'DAGS_FOLDER/postgres_to_gcs_staging.py', '--cfg-path', '/tmp/tmphy_m8ax5']
[2024-01-07T13:53:20.408+0000] {standard_task_runner.py:85} INFO - Job 211: Subtask copy_country_Postgres_To_GCS
[2024-01-07T13:53:20.635+0000] {task_command.py:416} INFO - Running <TaskInstance: ingest_from_postgres_to_GCS_bucket.copy_country_Postgres_To_GCS scheduled__2023-12-23T00:00:00+00:00 [running]> on host 5d007c0b4985
[2024-01-07T13:53:21.269+0000] {taskinstance.py:1662} INFO - Exporting env vars: AIRFLOW_CTX_DAG_EMAIL='franklinmutwiri41@gmail.com' AIRFLOW_CTX_DAG_OWNER='***' AIRFLOW_CTX_DAG_ID='ingest_from_postgres_to_GCS_bucket' AIRFLOW_CTX_TASK_ID='copy_country_Postgres_To_GCS' AIRFLOW_CTX_EXECUTION_DATE='2023-12-23T00:00:00+00:00' AIRFLOW_CTX_TRY_NUMBER='1' AIRFLOW_CTX_DAG_RUN_ID='scheduled__2023-12-23T00:00:00+00:00'
[2024-01-07T13:53:21.294+0000] {base.py:73} INFO - Using connection ID 'postgres_docker_conn' for task execution.
[2024-01-07T13:53:21.312+0000] {base.py:73} INFO - Using connection ID 'postgres_docker_conn' for task execution.
[2024-01-07T13:53:21.337+0000] {logging_mixin.py:151} WARNING - /home/***/.local/lib/python3.8/site-packages/***/providers/common/sql/hooks/sql.py:219 UserWarning: pandas only supports SQLAlchemy connectable (engine/connection) or database string URI or sqlite3 DBAPI2 connection. Other DBAPI2 objects are not tested. Please consider using SQLAlchemy.
[2024-01-07T13:53:21.350+0000] {postgres_to_gcs_staging.py:52} INFO - Uploading to bucket, country
[2024-01-07T13:53:21.350+0000] {python.py:194} INFO - Done. Returned value was: None
[2024-01-07T13:53:21.392+0000] {taskinstance.py:1400} INFO - Marking task as SUCCESS. dag_id=ingest_from_postgres_to_GCS_bucket, task_id=copy_country_Postgres_To_GCS, execution_date=20231223T000000, start_date=20240107T135320, end_date=20240107T135321
[2024-01-07T13:53:21.502+0000] {local_task_job_runner.py:228} INFO - Task exited with return code 0
[2024-01-07T13:53:21.534+0000] {taskinstance.py:2778} INFO - 0 downstream tasks scheduled from follow-on schedule check
[2024-01-07T15:51:10.746+0000] {taskinstance.py:1159} INFO - Dependencies all met for dep_context=non-requeueable deps ti=<TaskInstance: ingest_from_postgres_to_GCS_bucket.copy_country_Postgres_To_GCS scheduled__2023-12-23T00:00:00+00:00 [queued]>
[2024-01-07T15:51:10.769+0000] {taskinstance.py:1159} INFO - Dependencies all met for dep_context=requeueable deps ti=<TaskInstance: ingest_from_postgres_to_GCS_bucket.copy_country_Postgres_To_GCS scheduled__2023-12-23T00:00:00+00:00 [queued]>
[2024-01-07T15:51:10.769+0000] {taskinstance.py:1361} INFO - Starting attempt 1 of 3
[2024-01-07T15:51:10.803+0000] {taskinstance.py:1382} INFO - Executing <Task(PythonOperator): copy_country_Postgres_To_GCS> on 2023-12-23 00:00:00+00:00
[2024-01-07T15:51:10.811+0000] {standard_task_runner.py:57} INFO - Started process 4164 to run task
[2024-01-07T15:51:10.815+0000] {standard_task_runner.py:84} INFO - Running: ['***', 'tasks', 'run', 'ingest_from_postgres_to_GCS_bucket', 'copy_country_Postgres_To_GCS', 'scheduled__2023-12-23T00:00:00+00:00', '--job-id', '341', '--raw', '--subdir', 'DAGS_FOLDER/postgres_to_gcs_staging.py', '--cfg-path', '/tmp/tmppmd0iegr']
[2024-01-07T15:51:10.819+0000] {standard_task_runner.py:85} INFO - Job 341: Subtask copy_country_Postgres_To_GCS
[2024-01-07T15:51:10.903+0000] {task_command.py:416} INFO - Running <TaskInstance: ingest_from_postgres_to_GCS_bucket.copy_country_Postgres_To_GCS scheduled__2023-12-23T00:00:00+00:00 [running]> on host 5d007c0b4985
[2024-01-07T15:51:11.109+0000] {taskinstance.py:1662} INFO - Exporting env vars: AIRFLOW_CTX_DAG_EMAIL='franklinmutwiri41@gmail.com' AIRFLOW_CTX_DAG_OWNER='***' AIRFLOW_CTX_DAG_ID='ingest_from_postgres_to_GCS_bucket' AIRFLOW_CTX_TASK_ID='copy_country_Postgres_To_GCS' AIRFLOW_CTX_EXECUTION_DATE='2023-12-23T00:00:00+00:00' AIRFLOW_CTX_TRY_NUMBER='1' AIRFLOW_CTX_DAG_RUN_ID='scheduled__2023-12-23T00:00:00+00:00'
[2024-01-07T15:51:11.136+0000] {base.py:73} INFO - Using connection ID 'postgres_docker_conn' for task execution.
[2024-01-07T15:51:11.172+0000] {base.py:73} INFO - Using connection ID 'postgres_docker_conn' for task execution.
[2024-01-07T15:51:11.206+0000] {logging_mixin.py:151} WARNING - /home/***/.local/lib/python3.8/site-packages/***/providers/common/sql/hooks/sql.py:219 UserWarning: pandas only supports SQLAlchemy connectable (engine/connection) or database string URI or sqlite3 DBAPI2 connection. Other DBAPI2 objects are not tested. Please consider using SQLAlchemy.
[2024-01-07T15:51:11.217+0000] {postgres_to_gcs_staging.py:52} INFO - Uploading to bucket, country
[2024-01-07T15:51:11.217+0000] {python.py:194} INFO - Done. Returned value was: None
[2024-01-07T15:51:11.237+0000] {taskinstance.py:1400} INFO - Marking task as SUCCESS. dag_id=ingest_from_postgres_to_GCS_bucket, task_id=copy_country_Postgres_To_GCS, execution_date=20231223T000000, start_date=20240107T155110, end_date=20240107T155111
[2024-01-07T15:51:11.351+0000] {local_task_job_runner.py:228} INFO - Task exited with return code 0
[2024-01-07T15:51:11.382+0000] {taskinstance.py:2778} INFO - 0 downstream tasks scheduled from follow-on schedule check
