[2024-01-07T00:33:44.610+0000] {taskinstance.py:1159} INFO - Dependencies all met for dep_context=non-requeueable deps ti=<TaskInstance: ingest_from_postgres_to_GCS_bucket.copy_course_Postgres_To_GCS scheduled__2023-11-29T00:00:00+00:00 [queued]>
[2024-01-07T00:33:44.630+0000] {taskinstance.py:1159} INFO - Dependencies all met for dep_context=requeueable deps ti=<TaskInstance: ingest_from_postgres_to_GCS_bucket.copy_course_Postgres_To_GCS scheduled__2023-11-29T00:00:00+00:00 [queued]>
[2024-01-07T00:33:44.631+0000] {taskinstance.py:1361} INFO - Starting attempt 1 of 3
[2024-01-07T00:33:44.678+0000] {taskinstance.py:1382} INFO - Executing <Task(PythonOperator): copy_course_Postgres_To_GCS> on 2023-11-29 00:00:00+00:00
[2024-01-07T00:33:44.692+0000] {standard_task_runner.py:57} INFO - Started process 2087 to run task
[2024-01-07T00:33:44.697+0000] {standard_task_runner.py:84} INFO - Running: ['airflow', 'tasks', 'run', 'ingest_from_postgres_to_GCS_bucket', 'copy_course_Postgres_To_GCS', 'scheduled__2023-11-29T00:00:00+00:00', '--job-id', '367', '--raw', '--subdir', 'DAGS_FOLDER/postgres_to_gcs_staging.py', '--cfg-path', '/tmp/tmp9z8pxcom']
[2024-01-07T00:33:44.710+0000] {standard_task_runner.py:85} INFO - Job 367: Subtask copy_course_Postgres_To_GCS
[2024-01-07T00:33:44.826+0000] {task_command.py:416} INFO - Running <TaskInstance: ingest_from_postgres_to_GCS_bucket.copy_course_Postgres_To_GCS scheduled__2023-11-29T00:00:00+00:00 [running]> on host f500624b13d0
[2024-01-07T00:33:45.115+0000] {taskinstance.py:1662} INFO - Exporting env vars: AIRFLOW_CTX_DAG_EMAIL='franklinmutwiri41@gmail.com' AIRFLOW_CTX_DAG_OWNER='airflow' AIRFLOW_CTX_DAG_ID='ingest_from_postgres_to_GCS_bucket' AIRFLOW_CTX_TASK_ID='copy_course_Postgres_To_GCS' AIRFLOW_CTX_EXECUTION_DATE='2023-11-29T00:00:00+00:00' AIRFLOW_CTX_TRY_NUMBER='1' AIRFLOW_CTX_DAG_RUN_ID='scheduled__2023-11-29T00:00:00+00:00'
[2024-01-07T00:33:45.153+0000] {base.py:73} INFO - Using connection ID 'postgres_docker_conn' for task execution.
[2024-01-07T00:33:45.178+0000] {base.py:73} INFO - Using connection ID 'postgres_docker_conn' for task execution.
[2024-01-07T00:33:45.478+0000] {logging_mixin.py:151} WARNING - /home/***/.local/lib/python3.8/site-packages/***/providers/common/sql/hooks/sql.py:219 UserWarning: pandas only supports SQLAlchemy connectable (engine/connection) or database string URI or sqlite3 DBAPI2 connection. Other DBAPI2 objects are not tested. Please consider using SQLAlchemy.
[2024-01-07T00:33:45.486+0000] {postgres_to_gcs_staging.py:47} INFO - Uploading to bucket, course
[2024-01-07T00:33:45.538+0000] {connection.py:232} WARNING - Connection schemes (type: google_cloud_platform) shall not contain '_' according to RFC3986.
[2024-01-07T00:33:45.543+0000] {base.py:73} INFO - Using connection ID 'google_cloud_default' for task execution.
[2024-01-07T00:33:52.100+0000] {gcs.py:576} INFO - Data stream uploaded to data/course.parquet in school_data_lake_data-warehousing-proj bucket
[2024-01-07T00:33:52.117+0000] {base.py:73} INFO - Using connection ID 'postgres_docker_conn' for task execution.
[2024-01-07T00:33:52.195+0000] {postgres_to_gcs_staging.py:47} INFO - Uploading to bucket, course
[2024-01-07T00:33:52.214+0000] {connection.py:232} WARNING - Connection schemes (type: google_cloud_platform) shall not contain '_' according to RFC3986.
[2024-01-07T00:33:52.214+0000] {base.py:73} INFO - Using connection ID 'google_cloud_default' for task execution.
[2024-01-07T00:33:54.356+0000] {gcs.py:576} INFO - Data stream uploaded to data/course.parquet in school_data_lake_data-warehousing-proj bucket
[2024-01-07T00:33:54.374+0000] {base.py:73} INFO - Using connection ID 'postgres_docker_conn' for task execution.
[2024-01-07T00:33:54.391+0000] {postgres_to_gcs_staging.py:47} INFO - Uploading to bucket, course
[2024-01-07T00:33:54.415+0000] {connection.py:232} WARNING - Connection schemes (type: google_cloud_platform) shall not contain '_' according to RFC3986.
[2024-01-07T00:33:54.416+0000] {base.py:73} INFO - Using connection ID 'google_cloud_default' for task execution.
[2024-01-07T00:33:56.990+0000] {gcs.py:576} INFO - Data stream uploaded to data/course.parquet in school_data_lake_data-warehousing-proj bucket
[2024-01-07T00:33:57.099+0000] {base.py:73} INFO - Using connection ID 'postgres_docker_conn' for task execution.
[2024-01-07T00:33:57.115+0000] {postgres_to_gcs_staging.py:47} INFO - Uploading to bucket, course
[2024-01-07T00:33:57.134+0000] {connection.py:232} WARNING - Connection schemes (type: google_cloud_platform) shall not contain '_' according to RFC3986.
[2024-01-07T00:33:57.135+0000] {base.py:73} INFO - Using connection ID 'google_cloud_default' for task execution.
[2024-01-07T00:33:59.024+0000] {gcs.py:576} INFO - Data stream uploaded to data/course.parquet in school_data_lake_data-warehousing-proj bucket
[2024-01-07T00:33:59.063+0000] {base.py:73} INFO - Using connection ID 'postgres_docker_conn' for task execution.
[2024-01-07T00:33:59.105+0000] {postgres_to_gcs_staging.py:47} INFO - Uploading to bucket, course
[2024-01-07T00:33:59.143+0000] {connection.py:232} WARNING - Connection schemes (type: google_cloud_platform) shall not contain '_' according to RFC3986.
[2024-01-07T00:33:59.144+0000] {base.py:73} INFO - Using connection ID 'google_cloud_default' for task execution.
[2024-01-07T00:34:00.981+0000] {gcs.py:576} INFO - Data stream uploaded to data/course.parquet in school_data_lake_data-warehousing-proj bucket
[2024-01-07T00:34:00.995+0000] {base.py:73} INFO - Using connection ID 'postgres_docker_conn' for task execution.
[2024-01-07T00:34:01.013+0000] {postgres_to_gcs_staging.py:47} INFO - Uploading to bucket, course
[2024-01-07T00:34:01.034+0000] {connection.py:232} WARNING - Connection schemes (type: google_cloud_platform) shall not contain '_' according to RFC3986.
[2024-01-07T00:34:01.035+0000] {base.py:73} INFO - Using connection ID 'google_cloud_default' for task execution.
[2024-01-07T00:34:02.623+0000] {gcs.py:576} INFO - Data stream uploaded to data/course.parquet in school_data_lake_data-warehousing-proj bucket
[2024-01-07T00:34:02.641+0000] {base.py:73} INFO - Using connection ID 'postgres_docker_conn' for task execution.
[2024-01-07T00:34:02.656+0000] {postgres_to_gcs_staging.py:47} INFO - Uploading to bucket, course
[2024-01-07T00:34:02.678+0000] {connection.py:232} WARNING - Connection schemes (type: google_cloud_platform) shall not contain '_' according to RFC3986.
[2024-01-07T00:34:02.679+0000] {base.py:73} INFO - Using connection ID 'google_cloud_default' for task execution.
[2024-01-07T00:34:04.508+0000] {gcs.py:576} INFO - Data stream uploaded to data/course.parquet in school_data_lake_data-warehousing-proj bucket
[2024-01-07T00:34:04.534+0000] {base.py:73} INFO - Using connection ID 'postgres_docker_conn' for task execution.
[2024-01-07T00:34:04.561+0000] {postgres_to_gcs_staging.py:47} INFO - Uploading to bucket, course
[2024-01-07T00:34:04.635+0000] {connection.py:232} WARNING - Connection schemes (type: google_cloud_platform) shall not contain '_' according to RFC3986.
[2024-01-07T00:34:04.636+0000] {base.py:73} INFO - Using connection ID 'google_cloud_default' for task execution.
[2024-01-07T00:34:06.436+0000] {gcs.py:576} INFO - Data stream uploaded to data/course.parquet in school_data_lake_data-warehousing-proj bucket
[2024-01-07T00:34:06.450+0000] {base.py:73} INFO - Using connection ID 'postgres_docker_conn' for task execution.
[2024-01-07T00:34:06.463+0000] {postgres_to_gcs_staging.py:47} INFO - Uploading to bucket, course
[2024-01-07T00:34:06.480+0000] {connection.py:232} WARNING - Connection schemes (type: google_cloud_platform) shall not contain '_' according to RFC3986.
[2024-01-07T00:34:06.481+0000] {base.py:73} INFO - Using connection ID 'google_cloud_default' for task execution.
[2024-01-07T00:34:08.193+0000] {gcs.py:576} INFO - Data stream uploaded to data/course.parquet in school_data_lake_data-warehousing-proj bucket
[2024-01-07T00:34:08.205+0000] {base.py:73} INFO - Using connection ID 'postgres_docker_conn' for task execution.
[2024-01-07T00:34:08.220+0000] {postgres_to_gcs_staging.py:47} INFO - Uploading to bucket, course
[2024-01-07T00:34:08.238+0000] {connection.py:232} WARNING - Connection schemes (type: google_cloud_platform) shall not contain '_' according to RFC3986.
[2024-01-07T00:34:08.239+0000] {base.py:73} INFO - Using connection ID 'google_cloud_default' for task execution.
[2024-01-07T00:34:09.918+0000] {gcs.py:576} INFO - Data stream uploaded to data/course.parquet in school_data_lake_data-warehousing-proj bucket
[2024-01-07T00:34:09.933+0000] {base.py:73} INFO - Using connection ID 'postgres_docker_conn' for task execution.
[2024-01-07T00:34:09.950+0000] {postgres_to_gcs_staging.py:47} INFO - Uploading to bucket, course
[2024-01-07T00:34:09.968+0000] {connection.py:232} WARNING - Connection schemes (type: google_cloud_platform) shall not contain '_' according to RFC3986.
[2024-01-07T00:34:09.969+0000] {base.py:73} INFO - Using connection ID 'google_cloud_default' for task execution.
[2024-01-07T00:34:12.063+0000] {gcs.py:576} INFO - Data stream uploaded to data/course.parquet in school_data_lake_data-warehousing-proj bucket
[2024-01-07T00:34:12.102+0000] {base.py:73} INFO - Using connection ID 'postgres_docker_conn' for task execution.
[2024-01-07T00:34:12.162+0000] {postgres_to_gcs_staging.py:47} INFO - Uploading to bucket, course
[2024-01-07T00:34:12.209+0000] {connection.py:232} WARNING - Connection schemes (type: google_cloud_platform) shall not contain '_' according to RFC3986.
[2024-01-07T00:34:12.210+0000] {base.py:73} INFO - Using connection ID 'google_cloud_default' for task execution.
[2024-01-07T00:34:14.429+0000] {gcs.py:576} INFO - Data stream uploaded to data/course.parquet in school_data_lake_data-warehousing-proj bucket
[2024-01-07T00:34:14.452+0000] {base.py:73} INFO - Using connection ID 'postgres_docker_conn' for task execution.
[2024-01-07T00:34:14.489+0000] {postgres_to_gcs_staging.py:47} INFO - Uploading to bucket, course
[2024-01-07T00:34:14.532+0000] {connection.py:232} WARNING - Connection schemes (type: google_cloud_platform) shall not contain '_' according to RFC3986.
[2024-01-07T00:34:14.533+0000] {base.py:73} INFO - Using connection ID 'google_cloud_default' for task execution.
[2024-01-07T00:34:16.472+0000] {gcs.py:576} INFO - Data stream uploaded to data/course.parquet in school_data_lake_data-warehousing-proj bucket
[2024-01-07T00:34:16.490+0000] {base.py:73} INFO - Using connection ID 'postgres_docker_conn' for task execution.
[2024-01-07T00:34:16.522+0000] {postgres_to_gcs_staging.py:47} INFO - Uploading to bucket, course
[2024-01-07T00:34:16.558+0000] {connection.py:232} WARNING - Connection schemes (type: google_cloud_platform) shall not contain '_' according to RFC3986.
[2024-01-07T00:34:16.558+0000] {base.py:73} INFO - Using connection ID 'google_cloud_default' for task execution.
[2024-01-07T00:34:19.341+0000] {gcs.py:576} INFO - Data stream uploaded to data/course.parquet in school_data_lake_data-warehousing-proj bucket
[2024-01-07T00:34:19.368+0000] {base.py:73} INFO - Using connection ID 'postgres_docker_conn' for task execution.
[2024-01-07T00:34:19.388+0000] {postgres_to_gcs_staging.py:47} INFO - Uploading to bucket, course
[2024-01-07T00:34:19.409+0000] {connection.py:232} WARNING - Connection schemes (type: google_cloud_platform) shall not contain '_' according to RFC3986.
[2024-01-07T00:34:19.410+0000] {base.py:73} INFO - Using connection ID 'google_cloud_default' for task execution.
[2024-01-07T00:34:22.075+0000] {gcs.py:576} INFO - Data stream uploaded to data/course.parquet in school_data_lake_data-warehousing-proj bucket
[2024-01-07T00:34:22.102+0000] {base.py:73} INFO - Using connection ID 'postgres_docker_conn' for task execution.
[2024-01-07T00:34:22.135+0000] {postgres_to_gcs_staging.py:47} INFO - Uploading to bucket, course
[2024-01-07T00:34:22.170+0000] {connection.py:232} WARNING - Connection schemes (type: google_cloud_platform) shall not contain '_' according to RFC3986.
[2024-01-07T00:34:22.171+0000] {base.py:73} INFO - Using connection ID 'google_cloud_default' for task execution.
[2024-01-07T00:34:25.284+0000] {gcs.py:576} INFO - Data stream uploaded to data/course.parquet in school_data_lake_data-warehousing-proj bucket
[2024-01-07T00:34:25.306+0000] {base.py:73} INFO - Using connection ID 'postgres_docker_conn' for task execution.
[2024-01-07T00:34:25.325+0000] {postgres_to_gcs_staging.py:47} INFO - Uploading to bucket, course
[2024-01-07T00:34:25.345+0000] {connection.py:232} WARNING - Connection schemes (type: google_cloud_platform) shall not contain '_' according to RFC3986.
[2024-01-07T00:34:25.346+0000] {base.py:73} INFO - Using connection ID 'google_cloud_default' for task execution.
[2024-01-07T00:34:28.048+0000] {gcs.py:576} INFO - Data stream uploaded to data/course.parquet in school_data_lake_data-warehousing-proj bucket
[2024-01-07T00:34:28.075+0000] {base.py:73} INFO - Using connection ID 'postgres_docker_conn' for task execution.
[2024-01-07T00:34:28.096+0000] {postgres_to_gcs_staging.py:47} INFO - Uploading to bucket, course
[2024-01-07T00:34:28.116+0000] {connection.py:232} WARNING - Connection schemes (type: google_cloud_platform) shall not contain '_' according to RFC3986.
[2024-01-07T00:34:28.117+0000] {base.py:73} INFO - Using connection ID 'google_cloud_default' for task execution.
[2024-01-07T00:34:30.604+0000] {gcs.py:576} INFO - Data stream uploaded to data/course.parquet in school_data_lake_data-warehousing-proj bucket
[2024-01-07T00:34:30.625+0000] {base.py:73} INFO - Using connection ID 'postgres_docker_conn' for task execution.
[2024-01-07T00:34:30.643+0000] {postgres_to_gcs_staging.py:47} INFO - Uploading to bucket, course
[2024-01-07T00:34:30.667+0000] {connection.py:232} WARNING - Connection schemes (type: google_cloud_platform) shall not contain '_' according to RFC3986.
[2024-01-07T00:34:30.670+0000] {base.py:73} INFO - Using connection ID 'google_cloud_default' for task execution.
[2024-01-07T00:34:33.271+0000] {gcs.py:576} INFO - Data stream uploaded to data/course.parquet in school_data_lake_data-warehousing-proj bucket
[2024-01-07T00:34:33.289+0000] {base.py:73} INFO - Using connection ID 'postgres_docker_conn' for task execution.
[2024-01-07T00:34:33.308+0000] {postgres_to_gcs_staging.py:47} INFO - Uploading to bucket, course
[2024-01-07T00:34:33.330+0000] {connection.py:232} WARNING - Connection schemes (type: google_cloud_platform) shall not contain '_' according to RFC3986.
[2024-01-07T00:34:33.332+0000] {base.py:73} INFO - Using connection ID 'google_cloud_default' for task execution.
[2024-01-07T00:34:35.725+0000] {gcs.py:576} INFO - Data stream uploaded to data/course.parquet in school_data_lake_data-warehousing-proj bucket
[2024-01-07T00:34:35.751+0000] {base.py:73} INFO - Using connection ID 'postgres_docker_conn' for task execution.
[2024-01-07T00:34:35.769+0000] {postgres_to_gcs_staging.py:47} INFO - Uploading to bucket, course
[2024-01-07T00:34:35.790+0000] {connection.py:232} WARNING - Connection schemes (type: google_cloud_platform) shall not contain '_' according to RFC3986.
[2024-01-07T00:34:35.791+0000] {base.py:73} INFO - Using connection ID 'google_cloud_default' for task execution.
[2024-01-07T00:34:38.592+0000] {gcs.py:576} INFO - Data stream uploaded to data/course.parquet in school_data_lake_data-warehousing-proj bucket
[2024-01-07T00:34:38.621+0000] {base.py:73} INFO - Using connection ID 'postgres_docker_conn' for task execution.
[2024-01-07T00:34:38.644+0000] {postgres_to_gcs_staging.py:47} INFO - Uploading to bucket, course
[2024-01-07T00:34:38.665+0000] {connection.py:232} WARNING - Connection schemes (type: google_cloud_platform) shall not contain '_' according to RFC3986.
[2024-01-07T00:34:38.666+0000] {base.py:73} INFO - Using connection ID 'google_cloud_default' for task execution.
[2024-01-07T00:34:41.664+0000] {gcs.py:576} INFO - Data stream uploaded to data/course.parquet in school_data_lake_data-warehousing-proj bucket
[2024-01-07T00:34:41.682+0000] {base.py:73} INFO - Using connection ID 'postgres_docker_conn' for task execution.
[2024-01-07T00:34:41.697+0000] {postgres_to_gcs_staging.py:47} INFO - Uploading to bucket, course
[2024-01-07T00:34:41.714+0000] {connection.py:232} WARNING - Connection schemes (type: google_cloud_platform) shall not contain '_' according to RFC3986.
[2024-01-07T00:34:41.715+0000] {base.py:73} INFO - Using connection ID 'google_cloud_default' for task execution.
[2024-01-07T00:34:44.450+0000] {gcs.py:576} INFO - Data stream uploaded to data/course.parquet in school_data_lake_data-warehousing-proj bucket
[2024-01-07T00:34:44.490+0000] {base.py:73} INFO - Using connection ID 'postgres_docker_conn' for task execution.
[2024-01-07T00:34:44.517+0000] {postgres_to_gcs_staging.py:47} INFO - Uploading to bucket, course
[2024-01-07T00:34:44.549+0000] {connection.py:232} WARNING - Connection schemes (type: google_cloud_platform) shall not contain '_' according to RFC3986.
[2024-01-07T00:34:44.550+0000] {base.py:73} INFO - Using connection ID 'google_cloud_default' for task execution.
[2024-01-07T00:34:47.193+0000] {gcs.py:576} INFO - Data stream uploaded to data/course.parquet in school_data_lake_data-warehousing-proj bucket
[2024-01-07T00:34:47.210+0000] {base.py:73} INFO - Using connection ID 'postgres_docker_conn' for task execution.
[2024-01-07T00:34:47.231+0000] {postgres_to_gcs_staging.py:47} INFO - Uploading to bucket, course
[2024-01-07T00:34:47.257+0000] {connection.py:232} WARNING - Connection schemes (type: google_cloud_platform) shall not contain '_' according to RFC3986.
[2024-01-07T00:34:47.258+0000] {base.py:73} INFO - Using connection ID 'google_cloud_default' for task execution.
[2024-01-07T00:34:50.074+0000] {gcs.py:576} INFO - Data stream uploaded to data/course.parquet in school_data_lake_data-warehousing-proj bucket
[2024-01-07T00:34:50.096+0000] {base.py:73} INFO - Using connection ID 'postgres_docker_conn' for task execution.
[2024-01-07T00:34:50.125+0000] {postgres_to_gcs_staging.py:47} INFO - Uploading to bucket, course
[2024-01-07T00:34:50.167+0000] {connection.py:232} WARNING - Connection schemes (type: google_cloud_platform) shall not contain '_' according to RFC3986.
[2024-01-07T00:34:50.167+0000] {base.py:73} INFO - Using connection ID 'google_cloud_default' for task execution.
[2024-01-07T00:34:53.081+0000] {gcs.py:576} INFO - Data stream uploaded to data/course.parquet in school_data_lake_data-warehousing-proj bucket
[2024-01-07T00:34:53.102+0000] {base.py:73} INFO - Using connection ID 'postgres_docker_conn' for task execution.
[2024-01-07T00:34:53.132+0000] {postgres_to_gcs_staging.py:47} INFO - Uploading to bucket, course
[2024-01-07T00:34:53.160+0000] {connection.py:232} WARNING - Connection schemes (type: google_cloud_platform) shall not contain '_' according to RFC3986.
[2024-01-07T00:34:53.160+0000] {base.py:73} INFO - Using connection ID 'google_cloud_default' for task execution.
[2024-01-07T00:34:55.796+0000] {gcs.py:576} INFO - Data stream uploaded to data/course.parquet in school_data_lake_data-warehousing-proj bucket
[2024-01-07T00:34:55.807+0000] {base.py:73} INFO - Using connection ID 'postgres_docker_conn' for task execution.
[2024-01-07T00:34:55.819+0000] {postgres_to_gcs_staging.py:47} INFO - Uploading to bucket, course
[2024-01-07T00:34:55.834+0000] {connection.py:232} WARNING - Connection schemes (type: google_cloud_platform) shall not contain '_' according to RFC3986.
[2024-01-07T00:34:55.835+0000] {base.py:73} INFO - Using connection ID 'google_cloud_default' for task execution.
[2024-01-07T00:34:58.362+0000] {gcs.py:576} INFO - Data stream uploaded to data/course.parquet in school_data_lake_data-warehousing-proj bucket
[2024-01-07T00:34:58.385+0000] {base.py:73} INFO - Using connection ID 'postgres_docker_conn' for task execution.
[2024-01-07T00:34:58.432+0000] {postgres_to_gcs_staging.py:47} INFO - Uploading to bucket, course
[2024-01-07T00:34:58.464+0000] {connection.py:232} WARNING - Connection schemes (type: google_cloud_platform) shall not contain '_' according to RFC3986.
[2024-01-07T00:34:58.465+0000] {base.py:73} INFO - Using connection ID 'google_cloud_default' for task execution.
[2024-01-07T00:35:00.643+0000] {gcs.py:576} INFO - Data stream uploaded to data/course.parquet in school_data_lake_data-warehousing-proj bucket
[2024-01-07T00:35:00.678+0000] {base.py:73} INFO - Using connection ID 'postgres_docker_conn' for task execution.
[2024-01-07T00:35:00.705+0000] {postgres_to_gcs_staging.py:47} INFO - Uploading to bucket, course
[2024-01-07T00:35:00.740+0000] {connection.py:232} WARNING - Connection schemes (type: google_cloud_platform) shall not contain '_' according to RFC3986.
[2024-01-07T00:35:00.741+0000] {base.py:73} INFO - Using connection ID 'google_cloud_default' for task execution.
[2024-01-07T00:35:03.488+0000] {gcs.py:576} INFO - Data stream uploaded to data/course.parquet in school_data_lake_data-warehousing-proj bucket
[2024-01-07T00:35:03.501+0000] {base.py:73} INFO - Using connection ID 'postgres_docker_conn' for task execution.
[2024-01-07T00:35:03.522+0000] {postgres_to_gcs_staging.py:47} INFO - Uploading to bucket, course
[2024-01-07T00:35:03.550+0000] {connection.py:232} WARNING - Connection schemes (type: google_cloud_platform) shall not contain '_' according to RFC3986.
[2024-01-07T00:35:03.551+0000] {base.py:73} INFO - Using connection ID 'google_cloud_default' for task execution.
[2024-01-07T00:35:06.037+0000] {gcs.py:576} INFO - Data stream uploaded to data/course.parquet in school_data_lake_data-warehousing-proj bucket
[2024-01-07T00:35:06.055+0000] {base.py:73} INFO - Using connection ID 'postgres_docker_conn' for task execution.
[2024-01-07T00:35:06.074+0000] {postgres_to_gcs_staging.py:47} INFO - Uploading to bucket, course
[2024-01-07T00:35:06.090+0000] {connection.py:232} WARNING - Connection schemes (type: google_cloud_platform) shall not contain '_' according to RFC3986.
[2024-01-07T00:35:06.091+0000] {base.py:73} INFO - Using connection ID 'google_cloud_default' for task execution.
[2024-01-07T00:35:08.699+0000] {gcs.py:576} INFO - Data stream uploaded to data/course.parquet in school_data_lake_data-warehousing-proj bucket
[2024-01-07T00:35:08.772+0000] {base.py:73} INFO - Using connection ID 'postgres_docker_conn' for task execution.
[2024-01-07T00:35:08.824+0000] {postgres_to_gcs_staging.py:47} INFO - Uploading to bucket, course
[2024-01-07T00:35:08.876+0000] {connection.py:232} WARNING - Connection schemes (type: google_cloud_platform) shall not contain '_' according to RFC3986.
[2024-01-07T00:35:08.877+0000] {base.py:73} INFO - Using connection ID 'google_cloud_default' for task execution.
[2024-01-07T00:35:11.570+0000] {gcs.py:576} INFO - Data stream uploaded to data/course.parquet in school_data_lake_data-warehousing-proj bucket
[2024-01-07T00:35:11.589+0000] {base.py:73} INFO - Using connection ID 'postgres_docker_conn' for task execution.
[2024-01-07T00:35:11.607+0000] {postgres_to_gcs_staging.py:47} INFO - Uploading to bucket, course
[2024-01-07T00:35:11.626+0000] {connection.py:232} WARNING - Connection schemes (type: google_cloud_platform) shall not contain '_' according to RFC3986.
[2024-01-07T00:35:11.628+0000] {base.py:73} INFO - Using connection ID 'google_cloud_default' for task execution.
[2024-01-07T00:35:14.230+0000] {gcs.py:576} INFO - Data stream uploaded to data/course.parquet in school_data_lake_data-warehousing-proj bucket
[2024-01-07T00:35:14.247+0000] {base.py:73} INFO - Using connection ID 'postgres_docker_conn' for task execution.
[2024-01-07T00:35:14.263+0000] {postgres_to_gcs_staging.py:47} INFO - Uploading to bucket, course
[2024-01-07T00:35:14.281+0000] {connection.py:232} WARNING - Connection schemes (type: google_cloud_platform) shall not contain '_' according to RFC3986.
[2024-01-07T00:35:14.283+0000] {base.py:73} INFO - Using connection ID 'google_cloud_default' for task execution.
[2024-01-07T00:35:17.199+0000] {gcs.py:576} INFO - Data stream uploaded to data/course.parquet in school_data_lake_data-warehousing-proj bucket
[2024-01-07T00:35:17.233+0000] {base.py:73} INFO - Using connection ID 'postgres_docker_conn' for task execution.
[2024-01-07T00:35:17.270+0000] {postgres_to_gcs_staging.py:47} INFO - Uploading to bucket, course
[2024-01-07T00:35:17.342+0000] {connection.py:232} WARNING - Connection schemes (type: google_cloud_platform) shall not contain '_' according to RFC3986.
[2024-01-07T00:35:17.343+0000] {base.py:73} INFO - Using connection ID 'google_cloud_default' for task execution.
[2024-01-07T00:35:20.117+0000] {gcs.py:576} INFO - Data stream uploaded to data/course.parquet in school_data_lake_data-warehousing-proj bucket
[2024-01-07T00:35:20.138+0000] {base.py:73} INFO - Using connection ID 'postgres_docker_conn' for task execution.
[2024-01-07T00:35:20.154+0000] {postgres_to_gcs_staging.py:47} INFO - Uploading to bucket, course
[2024-01-07T00:35:20.174+0000] {connection.py:232} WARNING - Connection schemes (type: google_cloud_platform) shall not contain '_' according to RFC3986.
[2024-01-07T00:35:20.175+0000] {base.py:73} INFO - Using connection ID 'google_cloud_default' for task execution.
[2024-01-07T00:35:23.124+0000] {gcs.py:576} INFO - Data stream uploaded to data/course.parquet in school_data_lake_data-warehousing-proj bucket
[2024-01-07T00:35:23.145+0000] {base.py:73} INFO - Using connection ID 'postgres_docker_conn' for task execution.
[2024-01-07T00:35:23.167+0000] {postgres_to_gcs_staging.py:47} INFO - Uploading to bucket, course
[2024-01-07T00:35:23.192+0000] {connection.py:232} WARNING - Connection schemes (type: google_cloud_platform) shall not contain '_' according to RFC3986.
[2024-01-07T00:35:23.193+0000] {base.py:73} INFO - Using connection ID 'google_cloud_default' for task execution.
[2024-01-07T00:35:25.904+0000] {gcs.py:576} INFO - Data stream uploaded to data/course.parquet in school_data_lake_data-warehousing-proj bucket
[2024-01-07T00:35:25.929+0000] {base.py:73} INFO - Using connection ID 'postgres_docker_conn' for task execution.
[2024-01-07T00:35:25.944+0000] {postgres_to_gcs_staging.py:47} INFO - Uploading to bucket, course
[2024-01-07T00:35:25.963+0000] {connection.py:232} WARNING - Connection schemes (type: google_cloud_platform) shall not contain '_' according to RFC3986.
[2024-01-07T00:35:25.964+0000] {base.py:73} INFO - Using connection ID 'google_cloud_default' for task execution.
[2024-01-07T00:35:28.495+0000] {gcs.py:576} INFO - Data stream uploaded to data/course.parquet in school_data_lake_data-warehousing-proj bucket
[2024-01-07T00:35:28.519+0000] {base.py:73} INFO - Using connection ID 'postgres_docker_conn' for task execution.
[2024-01-07T00:35:28.544+0000] {postgres_to_gcs_staging.py:47} INFO - Uploading to bucket, course
[2024-01-07T00:35:28.574+0000] {connection.py:232} WARNING - Connection schemes (type: google_cloud_platform) shall not contain '_' according to RFC3986.
[2024-01-07T00:35:28.575+0000] {base.py:73} INFO - Using connection ID 'google_cloud_default' for task execution.
[2024-01-07T00:35:31.232+0000] {gcs.py:576} INFO - Data stream uploaded to data/course.parquet in school_data_lake_data-warehousing-proj bucket
[2024-01-07T00:35:31.249+0000] {base.py:73} INFO - Using connection ID 'postgres_docker_conn' for task execution.
[2024-01-07T00:35:31.272+0000] {postgres_to_gcs_staging.py:47} INFO - Uploading to bucket, course
[2024-01-07T00:35:31.299+0000] {connection.py:232} WARNING - Connection schemes (type: google_cloud_platform) shall not contain '_' according to RFC3986.
[2024-01-07T00:35:31.304+0000] {base.py:73} INFO - Using connection ID 'google_cloud_default' for task execution.
[2024-01-07T00:35:34.096+0000] {gcs.py:576} INFO - Data stream uploaded to data/course.parquet in school_data_lake_data-warehousing-proj bucket
[2024-01-07T00:35:34.121+0000] {base.py:73} INFO - Using connection ID 'postgres_docker_conn' for task execution.
[2024-01-07T00:35:34.138+0000] {postgres_to_gcs_staging.py:47} INFO - Uploading to bucket, course
[2024-01-07T00:35:34.159+0000] {connection.py:232} WARNING - Connection schemes (type: google_cloud_platform) shall not contain '_' according to RFC3986.
[2024-01-07T00:35:34.159+0000] {base.py:73} INFO - Using connection ID 'google_cloud_default' for task execution.
[2024-01-07T00:35:36.869+0000] {local_task_job_runner.py:294} WARNING - State of this instance has been externally set to failed. Terminating instance.
[2024-01-07T00:35:36.875+0000] {process_utils.py:131} INFO - Sending 15 to group 2087. PIDs of all processes in the group: [2087]
[2024-01-07T00:35:36.876+0000] {process_utils.py:86} INFO - Sending the signal 15 to group 2087
[2024-01-07T00:35:36.876+0000] {taskinstance.py:1632} ERROR - Received SIGTERM. Terminating subprocesses.
[2024-01-07T00:35:36.974+0000] {process_utils.py:79} INFO - Process psutil.Process(pid=2087, status='terminated', exitcode=0, started='00:33:44') (2087) terminated with exit code 0
[2024-01-07T13:51:32.727+0000] {taskinstance.py:1159} INFO - Dependencies all met for dep_context=non-requeueable deps ti=<TaskInstance: ingest_from_postgres_to_GCS_bucket.copy_course_Postgres_To_GCS scheduled__2023-11-29T00:00:00+00:00 [queued]>
[2024-01-07T13:51:32.751+0000] {taskinstance.py:1159} INFO - Dependencies all met for dep_context=requeueable deps ti=<TaskInstance: ingest_from_postgres_to_GCS_bucket.copy_course_Postgres_To_GCS scheduled__2023-11-29T00:00:00+00:00 [queued]>
[2024-01-07T13:51:32.751+0000] {taskinstance.py:1361} INFO - Starting attempt 1 of 3
[2024-01-07T13:51:32.781+0000] {taskinstance.py:1382} INFO - Executing <Task(PythonOperator): copy_course_Postgres_To_GCS> on 2023-11-29 00:00:00+00:00
[2024-01-07T13:51:32.789+0000] {standard_task_runner.py:57} INFO - Started process 621 to run task
[2024-01-07T13:51:32.794+0000] {standard_task_runner.py:84} INFO - Running: ['***', 'tasks', 'run', 'ingest_from_postgres_to_GCS_bucket', 'copy_course_Postgres_To_GCS', 'scheduled__2023-11-29T00:00:00+00:00', '--job-id', '136', '--raw', '--subdir', 'DAGS_FOLDER/postgres_to_gcs_staging.py', '--cfg-path', '/tmp/tmp8voctpqc']
[2024-01-07T13:51:32.799+0000] {standard_task_runner.py:85} INFO - Job 136: Subtask copy_course_Postgres_To_GCS
[2024-01-07T13:51:32.884+0000] {task_command.py:416} INFO - Running <TaskInstance: ingest_from_postgres_to_GCS_bucket.copy_course_Postgres_To_GCS scheduled__2023-11-29T00:00:00+00:00 [running]> on host 5d007c0b4985
[2024-01-07T13:51:33.041+0000] {taskinstance.py:1662} INFO - Exporting env vars: AIRFLOW_CTX_DAG_EMAIL='franklinmutwiri41@gmail.com' AIRFLOW_CTX_DAG_OWNER='***' AIRFLOW_CTX_DAG_ID='ingest_from_postgres_to_GCS_bucket' AIRFLOW_CTX_TASK_ID='copy_course_Postgres_To_GCS' AIRFLOW_CTX_EXECUTION_DATE='2023-11-29T00:00:00+00:00' AIRFLOW_CTX_TRY_NUMBER='1' AIRFLOW_CTX_DAG_RUN_ID='scheduled__2023-11-29T00:00:00+00:00'
[2024-01-07T13:51:33.058+0000] {base.py:73} INFO - Using connection ID 'postgres_docker_conn' for task execution.
[2024-01-07T13:51:33.072+0000] {base.py:73} INFO - Using connection ID 'postgres_docker_conn' for task execution.
[2024-01-07T13:51:33.104+0000] {logging_mixin.py:151} WARNING - /home/***/.local/lib/python3.8/site-packages/***/providers/common/sql/hooks/sql.py:219 UserWarning: pandas only supports SQLAlchemy connectable (engine/connection) or database string URI or sqlite3 DBAPI2 connection. Other DBAPI2 objects are not tested. Please consider using SQLAlchemy.
[2024-01-07T13:51:33.112+0000] {postgres_to_gcs_staging.py:52} INFO - Uploading to bucket, course
[2024-01-07T13:51:33.112+0000] {python.py:194} INFO - Done. Returned value was: None
[2024-01-07T13:51:33.137+0000] {taskinstance.py:1400} INFO - Marking task as SUCCESS. dag_id=ingest_from_postgres_to_GCS_bucket, task_id=copy_course_Postgres_To_GCS, execution_date=20231129T000000, start_date=20240107T135132, end_date=20240107T135133
[2024-01-07T13:51:33.208+0000] {local_task_job_runner.py:228} INFO - Task exited with return code 0
[2024-01-07T13:51:33.266+0000] {taskinstance.py:2778} INFO - 0 downstream tasks scheduled from follow-on schedule check
