[2024-01-07T13:53:17.354+0000] {taskinstance.py:1159} INFO - Dependencies all met for dep_context=non-requeueable deps ti=<TaskInstance: ingest_from_postgres_to_GCS_bucket.copy_country_Postgres_To_GCS scheduled__2023-12-22T00:00:00+00:00 [queued]>
[2024-01-07T13:53:17.366+0000] {taskinstance.py:1159} INFO - Dependencies all met for dep_context=requeueable deps ti=<TaskInstance: ingest_from_postgres_to_GCS_bucket.copy_country_Postgres_To_GCS scheduled__2023-12-22T00:00:00+00:00 [queued]>
[2024-01-07T13:53:17.378+0000] {taskinstance.py:1361} INFO - Starting attempt 1 of 3
[2024-01-07T13:53:17.423+0000] {taskinstance.py:1382} INFO - Executing <Task(PythonOperator): copy_country_Postgres_To_GCS> on 2023-12-22 00:00:00+00:00
[2024-01-07T13:53:17.441+0000] {standard_task_runner.py:57} INFO - Started process 875 to run task
[2024-01-07T13:53:17.452+0000] {standard_task_runner.py:84} INFO - Running: ['***', 'tasks', 'run', 'ingest_from_postgres_to_GCS_bucket', 'copy_country_Postgres_To_GCS', 'scheduled__2023-12-22T00:00:00+00:00', '--job-id', '209', '--raw', '--subdir', 'DAGS_FOLDER/postgres_to_gcs_staging.py', '--cfg-path', '/tmp/tmpqbym_tdt']
[2024-01-07T13:53:17.469+0000] {standard_task_runner.py:85} INFO - Job 209: Subtask copy_country_Postgres_To_GCS
[2024-01-07T13:53:17.711+0000] {task_command.py:416} INFO - Running <TaskInstance: ingest_from_postgres_to_GCS_bucket.copy_country_Postgres_To_GCS scheduled__2023-12-22T00:00:00+00:00 [running]> on host 5d007c0b4985
[2024-01-07T13:53:18.009+0000] {taskinstance.py:1662} INFO - Exporting env vars: AIRFLOW_CTX_DAG_EMAIL='franklinmutwiri41@gmail.com' AIRFLOW_CTX_DAG_OWNER='***' AIRFLOW_CTX_DAG_ID='ingest_from_postgres_to_GCS_bucket' AIRFLOW_CTX_TASK_ID='copy_country_Postgres_To_GCS' AIRFLOW_CTX_EXECUTION_DATE='2023-12-22T00:00:00+00:00' AIRFLOW_CTX_TRY_NUMBER='1' AIRFLOW_CTX_DAG_RUN_ID='scheduled__2023-12-22T00:00:00+00:00'
[2024-01-07T13:53:18.081+0000] {base.py:73} INFO - Using connection ID 'postgres_docker_conn' for task execution.
[2024-01-07T13:53:18.113+0000] {base.py:73} INFO - Using connection ID 'postgres_docker_conn' for task execution.
[2024-01-07T13:53:18.171+0000] {logging_mixin.py:151} WARNING - /home/***/.local/lib/python3.8/site-packages/***/providers/common/sql/hooks/sql.py:219 UserWarning: pandas only supports SQLAlchemy connectable (engine/connection) or database string URI or sqlite3 DBAPI2 connection. Other DBAPI2 objects are not tested. Please consider using SQLAlchemy.
[2024-01-07T13:53:18.195+0000] {postgres_to_gcs_staging.py:52} INFO - Uploading to bucket, country
[2024-01-07T13:53:18.195+0000] {python.py:194} INFO - Done. Returned value was: None
[2024-01-07T13:53:18.232+0000] {taskinstance.py:1400} INFO - Marking task as SUCCESS. dag_id=ingest_from_postgres_to_GCS_bucket, task_id=copy_country_Postgres_To_GCS, execution_date=20231222T000000, start_date=20240107T135317, end_date=20240107T135318
[2024-01-07T13:53:18.332+0000] {local_task_job_runner.py:228} INFO - Task exited with return code 0
[2024-01-07T13:53:18.411+0000] {taskinstance.py:2778} INFO - 0 downstream tasks scheduled from follow-on schedule check
[2024-01-07T15:51:06.882+0000] {taskinstance.py:1159} INFO - Dependencies all met for dep_context=non-requeueable deps ti=<TaskInstance: ingest_from_postgres_to_GCS_bucket.copy_country_Postgres_To_GCS scheduled__2023-12-22T00:00:00+00:00 [queued]>
[2024-01-07T15:51:06.959+0000] {taskinstance.py:1159} INFO - Dependencies all met for dep_context=requeueable deps ti=<TaskInstance: ingest_from_postgres_to_GCS_bucket.copy_country_Postgres_To_GCS scheduled__2023-12-22T00:00:00+00:00 [queued]>
[2024-01-07T15:51:06.960+0000] {taskinstance.py:1361} INFO - Starting attempt 1 of 3
[2024-01-07T15:51:07.068+0000] {taskinstance.py:1382} INFO - Executing <Task(PythonOperator): copy_country_Postgres_To_GCS> on 2023-12-22 00:00:00+00:00
[2024-01-07T15:51:07.089+0000] {standard_task_runner.py:57} INFO - Started process 4156 to run task
[2024-01-07T15:51:07.098+0000] {standard_task_runner.py:84} INFO - Running: ['***', 'tasks', 'run', 'ingest_from_postgres_to_GCS_bucket', 'copy_country_Postgres_To_GCS', 'scheduled__2023-12-22T00:00:00+00:00', '--job-id', '338', '--raw', '--subdir', 'DAGS_FOLDER/postgres_to_gcs_staging.py', '--cfg-path', '/tmp/tmpqa2gu3oh']
[2024-01-07T15:51:07.103+0000] {standard_task_runner.py:85} INFO - Job 338: Subtask copy_country_Postgres_To_GCS
[2024-01-07T15:51:07.241+0000] {task_command.py:416} INFO - Running <TaskInstance: ingest_from_postgres_to_GCS_bucket.copy_country_Postgres_To_GCS scheduled__2023-12-22T00:00:00+00:00 [running]> on host 5d007c0b4985
[2024-01-07T15:51:07.488+0000] {taskinstance.py:1662} INFO - Exporting env vars: AIRFLOW_CTX_DAG_EMAIL='franklinmutwiri41@gmail.com' AIRFLOW_CTX_DAG_OWNER='***' AIRFLOW_CTX_DAG_ID='ingest_from_postgres_to_GCS_bucket' AIRFLOW_CTX_TASK_ID='copy_country_Postgres_To_GCS' AIRFLOW_CTX_EXECUTION_DATE='2023-12-22T00:00:00+00:00' AIRFLOW_CTX_TRY_NUMBER='1' AIRFLOW_CTX_DAG_RUN_ID='scheduled__2023-12-22T00:00:00+00:00'
[2024-01-07T15:51:07.525+0000] {base.py:73} INFO - Using connection ID 'postgres_docker_conn' for task execution.
[2024-01-07T15:51:07.560+0000] {base.py:73} INFO - Using connection ID 'postgres_docker_conn' for task execution.
[2024-01-07T15:51:07.605+0000] {logging_mixin.py:151} WARNING - /home/***/.local/lib/python3.8/site-packages/***/providers/common/sql/hooks/sql.py:219 UserWarning: pandas only supports SQLAlchemy connectable (engine/connection) or database string URI or sqlite3 DBAPI2 connection. Other DBAPI2 objects are not tested. Please consider using SQLAlchemy.
[2024-01-07T15:51:07.622+0000] {postgres_to_gcs_staging.py:52} INFO - Uploading to bucket, country
[2024-01-07T15:51:07.623+0000] {python.py:194} INFO - Done. Returned value was: None
[2024-01-07T15:51:07.647+0000] {taskinstance.py:1400} INFO - Marking task as SUCCESS. dag_id=ingest_from_postgres_to_GCS_bucket, task_id=copy_country_Postgres_To_GCS, execution_date=20231222T000000, start_date=20240107T155106, end_date=20240107T155107
[2024-01-07T15:51:07.719+0000] {local_task_job_runner.py:228} INFO - Task exited with return code 0
[2024-01-07T15:51:07.764+0000] {taskinstance.py:2778} INFO - 0 downstream tasks scheduled from follow-on schedule check
