[2024-01-07T13:53:14.741+0000] {taskinstance.py:1159} INFO - Dependencies all met for dep_context=non-requeueable deps ti=<TaskInstance: ingest_from_postgres_to_GCS_bucket.copy_department_Postgres_To_GCS scheduled__2023-12-21T00:00:00+00:00 [queued]>
[2024-01-07T13:53:14.765+0000] {taskinstance.py:1159} INFO - Dependencies all met for dep_context=requeueable deps ti=<TaskInstance: ingest_from_postgres_to_GCS_bucket.copy_department_Postgres_To_GCS scheduled__2023-12-21T00:00:00+00:00 [queued]>
[2024-01-07T13:53:14.765+0000] {taskinstance.py:1361} INFO - Starting attempt 1 of 3
[2024-01-07T13:53:14.798+0000] {taskinstance.py:1382} INFO - Executing <Task(PythonOperator): copy_department_Postgres_To_GCS> on 2023-12-21 00:00:00+00:00
[2024-01-07T13:53:14.804+0000] {standard_task_runner.py:57} INFO - Started process 868 to run task
[2024-01-07T13:53:14.810+0000] {standard_task_runner.py:84} INFO - Running: ['***', 'tasks', 'run', 'ingest_from_postgres_to_GCS_bucket', 'copy_department_Postgres_To_GCS', 'scheduled__2023-12-21T00:00:00+00:00', '--job-id', '207', '--raw', '--subdir', 'DAGS_FOLDER/postgres_to_gcs_staging.py', '--cfg-path', '/tmp/tmpxob4oof4']
[2024-01-07T13:53:14.814+0000] {standard_task_runner.py:85} INFO - Job 207: Subtask copy_department_Postgres_To_GCS
[2024-01-07T13:53:14.906+0000] {task_command.py:416} INFO - Running <TaskInstance: ingest_from_postgres_to_GCS_bucket.copy_department_Postgres_To_GCS scheduled__2023-12-21T00:00:00+00:00 [running]> on host 5d007c0b4985
[2024-01-07T13:53:15.133+0000] {taskinstance.py:1662} INFO - Exporting env vars: AIRFLOW_CTX_DAG_EMAIL='franklinmutwiri41@gmail.com' AIRFLOW_CTX_DAG_OWNER='***' AIRFLOW_CTX_DAG_ID='ingest_from_postgres_to_GCS_bucket' AIRFLOW_CTX_TASK_ID='copy_department_Postgres_To_GCS' AIRFLOW_CTX_EXECUTION_DATE='2023-12-21T00:00:00+00:00' AIRFLOW_CTX_TRY_NUMBER='1' AIRFLOW_CTX_DAG_RUN_ID='scheduled__2023-12-21T00:00:00+00:00'
[2024-01-07T13:53:15.163+0000] {base.py:73} INFO - Using connection ID 'postgres_docker_conn' for task execution.
[2024-01-07T13:53:15.185+0000] {base.py:73} INFO - Using connection ID 'postgres_docker_conn' for task execution.
[2024-01-07T13:53:15.206+0000] {logging_mixin.py:151} WARNING - /home/***/.local/lib/python3.8/site-packages/***/providers/common/sql/hooks/sql.py:219 UserWarning: pandas only supports SQLAlchemy connectable (engine/connection) or database string URI or sqlite3 DBAPI2 connection. Other DBAPI2 objects are not tested. Please consider using SQLAlchemy.
[2024-01-07T13:53:15.217+0000] {postgres_to_gcs_staging.py:52} INFO - Uploading to bucket, department
[2024-01-07T13:53:15.217+0000] {python.py:194} INFO - Done. Returned value was: None
[2024-01-07T13:53:15.242+0000] {taskinstance.py:1400} INFO - Marking task as SUCCESS. dag_id=ingest_from_postgres_to_GCS_bucket, task_id=copy_department_Postgres_To_GCS, execution_date=20231221T000000, start_date=20240107T135314, end_date=20240107T135315
[2024-01-07T13:53:15.279+0000] {local_task_job_runner.py:228} INFO - Task exited with return code 0
[2024-01-07T13:53:15.326+0000] {taskinstance.py:2778} INFO - 0 downstream tasks scheduled from follow-on schedule check
[2024-01-07T15:51:08.838+0000] {taskinstance.py:1159} INFO - Dependencies all met for dep_context=non-requeueable deps ti=<TaskInstance: ingest_from_postgres_to_GCS_bucket.copy_department_Postgres_To_GCS scheduled__2023-12-21T00:00:00+00:00 [queued]>
[2024-01-07T15:51:08.867+0000] {taskinstance.py:1159} INFO - Dependencies all met for dep_context=requeueable deps ti=<TaskInstance: ingest_from_postgres_to_GCS_bucket.copy_department_Postgres_To_GCS scheduled__2023-12-21T00:00:00+00:00 [queued]>
[2024-01-07T15:51:08.868+0000] {taskinstance.py:1361} INFO - Starting attempt 1 of 3
[2024-01-07T15:51:08.899+0000] {taskinstance.py:1382} INFO - Executing <Task(PythonOperator): copy_department_Postgres_To_GCS> on 2023-12-21 00:00:00+00:00
[2024-01-07T15:51:08.909+0000] {standard_task_runner.py:57} INFO - Started process 4159 to run task
[2024-01-07T15:51:08.919+0000] {standard_task_runner.py:84} INFO - Running: ['***', 'tasks', 'run', 'ingest_from_postgres_to_GCS_bucket', 'copy_department_Postgres_To_GCS', 'scheduled__2023-12-21T00:00:00+00:00', '--job-id', '339', '--raw', '--subdir', 'DAGS_FOLDER/postgres_to_gcs_staging.py', '--cfg-path', '/tmp/tmps89zt5s8']
[2024-01-07T15:51:08.924+0000] {standard_task_runner.py:85} INFO - Job 339: Subtask copy_department_Postgres_To_GCS
[2024-01-07T15:51:09.022+0000] {task_command.py:416} INFO - Running <TaskInstance: ingest_from_postgres_to_GCS_bucket.copy_department_Postgres_To_GCS scheduled__2023-12-21T00:00:00+00:00 [running]> on host 5d007c0b4985
[2024-01-07T15:51:09.202+0000] {taskinstance.py:1662} INFO - Exporting env vars: AIRFLOW_CTX_DAG_EMAIL='franklinmutwiri41@gmail.com' AIRFLOW_CTX_DAG_OWNER='***' AIRFLOW_CTX_DAG_ID='ingest_from_postgres_to_GCS_bucket' AIRFLOW_CTX_TASK_ID='copy_department_Postgres_To_GCS' AIRFLOW_CTX_EXECUTION_DATE='2023-12-21T00:00:00+00:00' AIRFLOW_CTX_TRY_NUMBER='1' AIRFLOW_CTX_DAG_RUN_ID='scheduled__2023-12-21T00:00:00+00:00'
[2024-01-07T15:51:09.220+0000] {base.py:73} INFO - Using connection ID 'postgres_docker_conn' for task execution.
[2024-01-07T15:51:09.236+0000] {base.py:73} INFO - Using connection ID 'postgres_docker_conn' for task execution.
[2024-01-07T15:51:09.260+0000] {logging_mixin.py:151} WARNING - /home/***/.local/lib/python3.8/site-packages/***/providers/common/sql/hooks/sql.py:219 UserWarning: pandas only supports SQLAlchemy connectable (engine/connection) or database string URI or sqlite3 DBAPI2 connection. Other DBAPI2 objects are not tested. Please consider using SQLAlchemy.
[2024-01-07T15:51:09.268+0000] {postgres_to_gcs_staging.py:52} INFO - Uploading to bucket, department
[2024-01-07T15:51:09.268+0000] {python.py:194} INFO - Done. Returned value was: None
[2024-01-07T15:51:09.290+0000] {taskinstance.py:1400} INFO - Marking task as SUCCESS. dag_id=ingest_from_postgres_to_GCS_bucket, task_id=copy_department_Postgres_To_GCS, execution_date=20231221T000000, start_date=20240107T155108, end_date=20240107T155109
[2024-01-07T15:51:09.368+0000] {local_task_job_runner.py:228} INFO - Task exited with return code 0
[2024-01-07T15:51:09.406+0000] {taskinstance.py:2778} INFO - 0 downstream tasks scheduled from follow-on schedule check
