[2024-01-07T13:51:40.419+0000] {taskinstance.py:1159} INFO - Dependencies all met for dep_context=non-requeueable deps ti=<TaskInstance: ingest_from_postgres_to_GCS_bucket.copy_country_Postgres_To_GCS scheduled__2023-11-30T00:00:00+00:00 [queued]>
[2024-01-07T13:51:40.433+0000] {taskinstance.py:1159} INFO - Dependencies all met for dep_context=requeueable deps ti=<TaskInstance: ingest_from_postgres_to_GCS_bucket.copy_country_Postgres_To_GCS scheduled__2023-11-30T00:00:00+00:00 [queued]>
[2024-01-07T13:51:40.434+0000] {taskinstance.py:1361} INFO - Starting attempt 1 of 3
[2024-01-07T13:51:40.469+0000] {taskinstance.py:1382} INFO - Executing <Task(PythonOperator): copy_country_Postgres_To_GCS> on 2023-11-30 00:00:00+00:00
[2024-01-07T13:51:40.475+0000] {standard_task_runner.py:57} INFO - Started process 639 to run task
[2024-01-07T13:51:40.486+0000] {standard_task_runner.py:84} INFO - Running: ['***', 'tasks', 'run', 'ingest_from_postgres_to_GCS_bucket', 'copy_country_Postgres_To_GCS', 'scheduled__2023-11-30T00:00:00+00:00', '--job-id', '143', '--raw', '--subdir', 'DAGS_FOLDER/postgres_to_gcs_staging.py', '--cfg-path', '/tmp/tmp4s13ckln']
[2024-01-07T13:51:40.490+0000] {standard_task_runner.py:85} INFO - Job 143: Subtask copy_country_Postgres_To_GCS
[2024-01-07T13:51:40.593+0000] {task_command.py:416} INFO - Running <TaskInstance: ingest_from_postgres_to_GCS_bucket.copy_country_Postgres_To_GCS scheduled__2023-11-30T00:00:00+00:00 [running]> on host 5d007c0b4985
[2024-01-07T13:51:40.757+0000] {taskinstance.py:1662} INFO - Exporting env vars: AIRFLOW_CTX_DAG_EMAIL='franklinmutwiri41@gmail.com' AIRFLOW_CTX_DAG_OWNER='***' AIRFLOW_CTX_DAG_ID='ingest_from_postgres_to_GCS_bucket' AIRFLOW_CTX_TASK_ID='copy_country_Postgres_To_GCS' AIRFLOW_CTX_EXECUTION_DATE='2023-11-30T00:00:00+00:00' AIRFLOW_CTX_TRY_NUMBER='1' AIRFLOW_CTX_DAG_RUN_ID='scheduled__2023-11-30T00:00:00+00:00'
[2024-01-07T13:51:40.780+0000] {base.py:73} INFO - Using connection ID 'postgres_docker_conn' for task execution.
[2024-01-07T13:51:40.800+0000] {base.py:73} INFO - Using connection ID 'postgres_docker_conn' for task execution.
[2024-01-07T13:51:40.829+0000] {logging_mixin.py:151} WARNING - /home/***/.local/lib/python3.8/site-packages/***/providers/common/sql/hooks/sql.py:219 UserWarning: pandas only supports SQLAlchemy connectable (engine/connection) or database string URI or sqlite3 DBAPI2 connection. Other DBAPI2 objects are not tested. Please consider using SQLAlchemy.
[2024-01-07T13:51:40.837+0000] {postgres_to_gcs_staging.py:52} INFO - Uploading to bucket, country
[2024-01-07T13:51:40.838+0000] {python.py:194} INFO - Done. Returned value was: None
[2024-01-07T13:51:40.857+0000] {taskinstance.py:1400} INFO - Marking task as SUCCESS. dag_id=ingest_from_postgres_to_GCS_bucket, task_id=copy_country_Postgres_To_GCS, execution_date=20231130T000000, start_date=20240107T135140, end_date=20240107T135140
[2024-01-07T13:51:40.903+0000] {local_task_job_runner.py:228} INFO - Task exited with return code 0
[2024-01-07T13:51:40.935+0000] {taskinstance.py:2778} INFO - 0 downstream tasks scheduled from follow-on schedule check
[2024-01-07T15:49:38.167+0000] {taskinstance.py:1159} INFO - Dependencies all met for dep_context=non-requeueable deps ti=<TaskInstance: ingest_from_postgres_to_GCS_bucket.copy_country_Postgres_To_GCS scheduled__2023-11-30T00:00:00+00:00 [queued]>
[2024-01-07T15:49:38.185+0000] {taskinstance.py:1159} INFO - Dependencies all met for dep_context=requeueable deps ti=<TaskInstance: ingest_from_postgres_to_GCS_bucket.copy_country_Postgres_To_GCS scheduled__2023-11-30T00:00:00+00:00 [queued]>
[2024-01-07T15:49:38.186+0000] {taskinstance.py:1361} INFO - Starting attempt 1 of 3
[2024-01-07T15:49:38.206+0000] {taskinstance.py:1382} INFO - Executing <Task(PythonOperator): copy_country_Postgres_To_GCS> on 2023-11-30 00:00:00+00:00
[2024-01-07T15:49:38.214+0000] {standard_task_runner.py:57} INFO - Started process 3923 to run task
[2024-01-07T15:49:38.218+0000] {standard_task_runner.py:84} INFO - Running: ['***', 'tasks', 'run', 'ingest_from_postgres_to_GCS_bucket', 'copy_country_Postgres_To_GCS', 'scheduled__2023-11-30T00:00:00+00:00', '--job-id', '272', '--raw', '--subdir', 'DAGS_FOLDER/postgres_to_gcs_staging.py', '--cfg-path', '/tmp/tmp97plqx30']
[2024-01-07T15:49:38.222+0000] {standard_task_runner.py:85} INFO - Job 272: Subtask copy_country_Postgres_To_GCS
[2024-01-07T15:49:38.300+0000] {task_command.py:416} INFO - Running <TaskInstance: ingest_from_postgres_to_GCS_bucket.copy_country_Postgres_To_GCS scheduled__2023-11-30T00:00:00+00:00 [running]> on host 5d007c0b4985
[2024-01-07T15:49:38.446+0000] {taskinstance.py:1662} INFO - Exporting env vars: AIRFLOW_CTX_DAG_EMAIL='franklinmutwiri41@gmail.com' AIRFLOW_CTX_DAG_OWNER='***' AIRFLOW_CTX_DAG_ID='ingest_from_postgres_to_GCS_bucket' AIRFLOW_CTX_TASK_ID='copy_country_Postgres_To_GCS' AIRFLOW_CTX_EXECUTION_DATE='2023-11-30T00:00:00+00:00' AIRFLOW_CTX_TRY_NUMBER='1' AIRFLOW_CTX_DAG_RUN_ID='scheduled__2023-11-30T00:00:00+00:00'
[2024-01-07T15:49:38.463+0000] {base.py:73} INFO - Using connection ID 'postgres_docker_conn' for task execution.
[2024-01-07T15:49:38.481+0000] {base.py:73} INFO - Using connection ID 'postgres_docker_conn' for task execution.
[2024-01-07T15:49:38.500+0000] {logging_mixin.py:151} WARNING - /home/***/.local/lib/python3.8/site-packages/***/providers/common/sql/hooks/sql.py:219 UserWarning: pandas only supports SQLAlchemy connectable (engine/connection) or database string URI or sqlite3 DBAPI2 connection. Other DBAPI2 objects are not tested. Please consider using SQLAlchemy.
[2024-01-07T15:49:38.508+0000] {postgres_to_gcs_staging.py:52} INFO - Uploading to bucket, country
[2024-01-07T15:49:38.509+0000] {python.py:194} INFO - Done. Returned value was: None
[2024-01-07T15:49:38.524+0000] {taskinstance.py:1400} INFO - Marking task as SUCCESS. dag_id=ingest_from_postgres_to_GCS_bucket, task_id=copy_country_Postgres_To_GCS, execution_date=20231130T000000, start_date=20240107T154938, end_date=20240107T154938
[2024-01-07T15:49:38.550+0000] {local_task_job_runner.py:228} INFO - Task exited with return code 0
[2024-01-07T15:49:38.575+0000] {taskinstance.py:2778} INFO - 0 downstream tasks scheduled from follow-on schedule check
