[2024-01-07T13:52:08.285+0000] {taskinstance.py:1159} INFO - Dependencies all met for dep_context=non-requeueable deps ti=<TaskInstance: ingest_from_postgres_to_GCS_bucket.copy_department_Postgres_To_GCS scheduled__2023-12-07T00:00:00+00:00 [queued]>
[2024-01-07T13:52:08.305+0000] {taskinstance.py:1159} INFO - Dependencies all met for dep_context=requeueable deps ti=<TaskInstance: ingest_from_postgres_to_GCS_bucket.copy_department_Postgres_To_GCS scheduled__2023-12-07T00:00:00+00:00 [queued]>
[2024-01-07T13:52:08.306+0000] {taskinstance.py:1361} INFO - Starting attempt 1 of 3
[2024-01-07T13:52:08.338+0000] {taskinstance.py:1382} INFO - Executing <Task(PythonOperator): copy_department_Postgres_To_GCS> on 2023-12-07 00:00:00+00:00
[2024-01-07T13:52:08.352+0000] {standard_task_runner.py:57} INFO - Started process 718 to run task
[2024-01-07T13:52:08.357+0000] {standard_task_runner.py:84} INFO - Running: ['***', 'tasks', 'run', 'ingest_from_postgres_to_GCS_bucket', 'copy_department_Postgres_To_GCS', 'scheduled__2023-12-07T00:00:00+00:00', '--job-id', '165', '--raw', '--subdir', 'DAGS_FOLDER/postgres_to_gcs_staging.py', '--cfg-path', '/tmp/tmpc1vh2rrw']
[2024-01-07T13:52:08.363+0000] {standard_task_runner.py:85} INFO - Job 165: Subtask copy_department_Postgres_To_GCS
[2024-01-07T13:52:08.478+0000] {task_command.py:416} INFO - Running <TaskInstance: ingest_from_postgres_to_GCS_bucket.copy_department_Postgres_To_GCS scheduled__2023-12-07T00:00:00+00:00 [running]> on host 5d007c0b4985
[2024-01-07T13:52:08.693+0000] {taskinstance.py:1662} INFO - Exporting env vars: AIRFLOW_CTX_DAG_EMAIL='franklinmutwiri41@gmail.com' AIRFLOW_CTX_DAG_OWNER='***' AIRFLOW_CTX_DAG_ID='ingest_from_postgres_to_GCS_bucket' AIRFLOW_CTX_TASK_ID='copy_department_Postgres_To_GCS' AIRFLOW_CTX_EXECUTION_DATE='2023-12-07T00:00:00+00:00' AIRFLOW_CTX_TRY_NUMBER='1' AIRFLOW_CTX_DAG_RUN_ID='scheduled__2023-12-07T00:00:00+00:00'
[2024-01-07T13:52:08.739+0000] {base.py:73} INFO - Using connection ID 'postgres_docker_conn' for task execution.
[2024-01-07T13:52:08.781+0000] {base.py:73} INFO - Using connection ID 'postgres_docker_conn' for task execution.
[2024-01-07T13:52:08.812+0000] {logging_mixin.py:151} WARNING - /home/***/.local/lib/python3.8/site-packages/***/providers/common/sql/hooks/sql.py:219 UserWarning: pandas only supports SQLAlchemy connectable (engine/connection) or database string URI or sqlite3 DBAPI2 connection. Other DBAPI2 objects are not tested. Please consider using SQLAlchemy.
[2024-01-07T13:52:08.827+0000] {postgres_to_gcs_staging.py:52} INFO - Uploading to bucket, department
[2024-01-07T13:52:08.827+0000] {python.py:194} INFO - Done. Returned value was: None
[2024-01-07T13:52:08.847+0000] {taskinstance.py:1400} INFO - Marking task as SUCCESS. dag_id=ingest_from_postgres_to_GCS_bucket, task_id=copy_department_Postgres_To_GCS, execution_date=20231207T000000, start_date=20240107T135208, end_date=20240107T135208
[2024-01-07T13:52:08.907+0000] {local_task_job_runner.py:228} INFO - Task exited with return code 0
[2024-01-07T13:52:08.939+0000] {taskinstance.py:2778} INFO - 0 downstream tasks scheduled from follow-on schedule check
[2024-01-07T15:50:13.667+0000] {taskinstance.py:1159} INFO - Dependencies all met for dep_context=non-requeueable deps ti=<TaskInstance: ingest_from_postgres_to_GCS_bucket.copy_department_Postgres_To_GCS scheduled__2023-12-07T00:00:00+00:00 [queued]>
[2024-01-07T15:50:13.692+0000] {taskinstance.py:1159} INFO - Dependencies all met for dep_context=requeueable deps ti=<TaskInstance: ingest_from_postgres_to_GCS_bucket.copy_department_Postgres_To_GCS scheduled__2023-12-07T00:00:00+00:00 [queued]>
[2024-01-07T15:50:13.693+0000] {taskinstance.py:1361} INFO - Starting attempt 1 of 3
[2024-01-07T15:50:13.720+0000] {taskinstance.py:1382} INFO - Executing <Task(PythonOperator): copy_department_Postgres_To_GCS> on 2023-12-07 00:00:00+00:00
[2024-01-07T15:50:13.730+0000] {standard_task_runner.py:57} INFO - Started process 4010 to run task
[2024-01-07T15:50:13.734+0000] {standard_task_runner.py:84} INFO - Running: ['***', 'tasks', 'run', 'ingest_from_postgres_to_GCS_bucket', 'copy_department_Postgres_To_GCS', 'scheduled__2023-12-07T00:00:00+00:00', '--job-id', '297', '--raw', '--subdir', 'DAGS_FOLDER/postgres_to_gcs_staging.py', '--cfg-path', '/tmp/tmp2zwc25ox']
[2024-01-07T15:50:13.737+0000] {standard_task_runner.py:85} INFO - Job 297: Subtask copy_department_Postgres_To_GCS
[2024-01-07T15:50:13.830+0000] {task_command.py:416} INFO - Running <TaskInstance: ingest_from_postgres_to_GCS_bucket.copy_department_Postgres_To_GCS scheduled__2023-12-07T00:00:00+00:00 [running]> on host 5d007c0b4985
[2024-01-07T15:50:13.972+0000] {taskinstance.py:1662} INFO - Exporting env vars: AIRFLOW_CTX_DAG_EMAIL='franklinmutwiri41@gmail.com' AIRFLOW_CTX_DAG_OWNER='***' AIRFLOW_CTX_DAG_ID='ingest_from_postgres_to_GCS_bucket' AIRFLOW_CTX_TASK_ID='copy_department_Postgres_To_GCS' AIRFLOW_CTX_EXECUTION_DATE='2023-12-07T00:00:00+00:00' AIRFLOW_CTX_TRY_NUMBER='1' AIRFLOW_CTX_DAG_RUN_ID='scheduled__2023-12-07T00:00:00+00:00'
[2024-01-07T15:50:13.989+0000] {base.py:73} INFO - Using connection ID 'postgres_docker_conn' for task execution.
[2024-01-07T15:50:14.005+0000] {base.py:73} INFO - Using connection ID 'postgres_docker_conn' for task execution.
[2024-01-07T15:50:14.028+0000] {logging_mixin.py:151} WARNING - /home/***/.local/lib/python3.8/site-packages/***/providers/common/sql/hooks/sql.py:219 UserWarning: pandas only supports SQLAlchemy connectable (engine/connection) or database string URI or sqlite3 DBAPI2 connection. Other DBAPI2 objects are not tested. Please consider using SQLAlchemy.
[2024-01-07T15:50:14.035+0000] {postgres_to_gcs_staging.py:52} INFO - Uploading to bucket, department
[2024-01-07T15:50:14.036+0000] {python.py:194} INFO - Done. Returned value was: None
[2024-01-07T15:50:14.054+0000] {taskinstance.py:1400} INFO - Marking task as SUCCESS. dag_id=ingest_from_postgres_to_GCS_bucket, task_id=copy_department_Postgres_To_GCS, execution_date=20231207T000000, start_date=20240107T155013, end_date=20240107T155014
[2024-01-07T15:50:14.111+0000] {local_task_job_runner.py:228} INFO - Task exited with return code 0
[2024-01-07T15:50:14.140+0000] {taskinstance.py:2778} INFO - 0 downstream tasks scheduled from follow-on schedule check
