[2024-01-07T13:53:04.140+0000] {taskinstance.py:1159} INFO - Dependencies all met for dep_context=non-requeueable deps ti=<TaskInstance: ingest_from_postgres_to_GCS_bucket.copy_course_Postgres_To_GCS scheduled__2023-12-19T00:00:00+00:00 [queued]>
[2024-01-07T13:53:04.159+0000] {taskinstance.py:1159} INFO - Dependencies all met for dep_context=requeueable deps ti=<TaskInstance: ingest_from_postgres_to_GCS_bucket.copy_course_Postgres_To_GCS scheduled__2023-12-19T00:00:00+00:00 [queued]>
[2024-01-07T13:53:04.160+0000] {taskinstance.py:1361} INFO - Starting attempt 1 of 3
[2024-01-07T13:53:04.226+0000] {taskinstance.py:1382} INFO - Executing <Task(PythonOperator): copy_course_Postgres_To_GCS> on 2023-12-19 00:00:00+00:00
[2024-01-07T13:53:04.236+0000] {standard_task_runner.py:57} INFO - Started process 844 to run task
[2024-01-07T13:53:04.247+0000] {standard_task_runner.py:84} INFO - Running: ['***', 'tasks', 'run', 'ingest_from_postgres_to_GCS_bucket', 'copy_course_Postgres_To_GCS', 'scheduled__2023-12-19T00:00:00+00:00', '--job-id', '199', '--raw', '--subdir', 'DAGS_FOLDER/postgres_to_gcs_staging.py', '--cfg-path', '/tmp/tmp_leyb_t8']
[2024-01-07T13:53:04.251+0000] {standard_task_runner.py:85} INFO - Job 199: Subtask copy_course_Postgres_To_GCS
[2024-01-07T13:53:04.407+0000] {task_command.py:416} INFO - Running <TaskInstance: ingest_from_postgres_to_GCS_bucket.copy_course_Postgres_To_GCS scheduled__2023-12-19T00:00:00+00:00 [running]> on host 5d007c0b4985
[2024-01-07T13:53:04.598+0000] {taskinstance.py:1662} INFO - Exporting env vars: AIRFLOW_CTX_DAG_EMAIL='franklinmutwiri41@gmail.com' AIRFLOW_CTX_DAG_OWNER='***' AIRFLOW_CTX_DAG_ID='ingest_from_postgres_to_GCS_bucket' AIRFLOW_CTX_TASK_ID='copy_course_Postgres_To_GCS' AIRFLOW_CTX_EXECUTION_DATE='2023-12-19T00:00:00+00:00' AIRFLOW_CTX_TRY_NUMBER='1' AIRFLOW_CTX_DAG_RUN_ID='scheduled__2023-12-19T00:00:00+00:00'
[2024-01-07T13:53:04.637+0000] {base.py:73} INFO - Using connection ID 'postgres_docker_conn' for task execution.
[2024-01-07T13:53:04.681+0000] {base.py:73} INFO - Using connection ID 'postgres_docker_conn' for task execution.
[2024-01-07T13:53:04.713+0000] {logging_mixin.py:151} WARNING - /home/***/.local/lib/python3.8/site-packages/***/providers/common/sql/hooks/sql.py:219 UserWarning: pandas only supports SQLAlchemy connectable (engine/connection) or database string URI or sqlite3 DBAPI2 connection. Other DBAPI2 objects are not tested. Please consider using SQLAlchemy.
[2024-01-07T13:53:04.724+0000] {postgres_to_gcs_staging.py:52} INFO - Uploading to bucket, course
[2024-01-07T13:53:04.725+0000] {python.py:194} INFO - Done. Returned value was: None
[2024-01-07T13:53:04.748+0000] {taskinstance.py:1400} INFO - Marking task as SUCCESS. dag_id=ingest_from_postgres_to_GCS_bucket, task_id=copy_course_Postgres_To_GCS, execution_date=20231219T000000, start_date=20240107T135304, end_date=20240107T135304
[2024-01-07T13:53:04.834+0000] {local_task_job_runner.py:228} INFO - Task exited with return code 0
[2024-01-07T13:53:04.887+0000] {taskinstance.py:2778} INFO - 0 downstream tasks scheduled from follow-on schedule check
[2024-01-07T15:50:54.206+0000] {taskinstance.py:1159} INFO - Dependencies all met for dep_context=non-requeueable deps ti=<TaskInstance: ingest_from_postgres_to_GCS_bucket.copy_course_Postgres_To_GCS scheduled__2023-12-19T00:00:00+00:00 [queued]>
[2024-01-07T15:50:54.221+0000] {taskinstance.py:1159} INFO - Dependencies all met for dep_context=requeueable deps ti=<TaskInstance: ingest_from_postgres_to_GCS_bucket.copy_course_Postgres_To_GCS scheduled__2023-12-19T00:00:00+00:00 [queued]>
[2024-01-07T15:50:54.221+0000] {taskinstance.py:1361} INFO - Starting attempt 1 of 3
[2024-01-07T15:50:54.255+0000] {taskinstance.py:1382} INFO - Executing <Task(PythonOperator): copy_course_Postgres_To_GCS> on 2023-12-19 00:00:00+00:00
[2024-01-07T15:50:54.262+0000] {standard_task_runner.py:57} INFO - Started process 4120 to run task
[2024-01-07T15:50:54.266+0000] {standard_task_runner.py:84} INFO - Running: ['***', 'tasks', 'run', 'ingest_from_postgres_to_GCS_bucket', 'copy_course_Postgres_To_GCS', 'scheduled__2023-12-19T00:00:00+00:00', '--job-id', '328', '--raw', '--subdir', 'DAGS_FOLDER/postgres_to_gcs_staging.py', '--cfg-path', '/tmp/tmp_keitd7n']
[2024-01-07T15:50:54.270+0000] {standard_task_runner.py:85} INFO - Job 328: Subtask copy_course_Postgres_To_GCS
[2024-01-07T15:50:54.364+0000] {task_command.py:416} INFO - Running <TaskInstance: ingest_from_postgres_to_GCS_bucket.copy_course_Postgres_To_GCS scheduled__2023-12-19T00:00:00+00:00 [running]> on host 5d007c0b4985
[2024-01-07T15:50:54.508+0000] {taskinstance.py:1662} INFO - Exporting env vars: AIRFLOW_CTX_DAG_EMAIL='franklinmutwiri41@gmail.com' AIRFLOW_CTX_DAG_OWNER='***' AIRFLOW_CTX_DAG_ID='ingest_from_postgres_to_GCS_bucket' AIRFLOW_CTX_TASK_ID='copy_course_Postgres_To_GCS' AIRFLOW_CTX_EXECUTION_DATE='2023-12-19T00:00:00+00:00' AIRFLOW_CTX_TRY_NUMBER='1' AIRFLOW_CTX_DAG_RUN_ID='scheduled__2023-12-19T00:00:00+00:00'
[2024-01-07T15:50:54.525+0000] {base.py:73} INFO - Using connection ID 'postgres_docker_conn' for task execution.
[2024-01-07T15:50:54.538+0000] {base.py:73} INFO - Using connection ID 'postgres_docker_conn' for task execution.
[2024-01-07T15:50:54.563+0000] {logging_mixin.py:151} WARNING - /home/***/.local/lib/python3.8/site-packages/***/providers/common/sql/hooks/sql.py:219 UserWarning: pandas only supports SQLAlchemy connectable (engine/connection) or database string URI or sqlite3 DBAPI2 connection. Other DBAPI2 objects are not tested. Please consider using SQLAlchemy.
[2024-01-07T15:50:54.570+0000] {postgres_to_gcs_staging.py:52} INFO - Uploading to bucket, course
[2024-01-07T15:50:54.570+0000] {python.py:194} INFO - Done. Returned value was: None
[2024-01-07T15:50:54.585+0000] {taskinstance.py:1400} INFO - Marking task as SUCCESS. dag_id=ingest_from_postgres_to_GCS_bucket, task_id=copy_course_Postgres_To_GCS, execution_date=20231219T000000, start_date=20240107T155054, end_date=20240107T155054
[2024-01-07T15:50:54.639+0000] {local_task_job_runner.py:228} INFO - Task exited with return code 0
[2024-01-07T15:50:54.662+0000] {taskinstance.py:2778} INFO - 0 downstream tasks scheduled from follow-on schedule check
