[2023-12-01T18:08:06.465+0000] {taskinstance.py:1159} INFO - Dependencies all met for dep_context=non-requeueable deps ti=<TaskInstance: ingest_to_gcs_to_bq.PostgresToGCS1 __airflow_temporary_run_2023-12-01T17:14:17.279294+00:00__ [queued]>
[2023-12-01T18:08:06.482+0000] {taskinstance.py:1159} INFO - Dependencies all met for dep_context=requeueable deps ti=<TaskInstance: ingest_to_gcs_to_bq.PostgresToGCS1 __airflow_temporary_run_2023-12-01T17:14:17.279294+00:00__ [queued]>
[2023-12-01T18:08:06.482+0000] {taskinstance.py:1361} INFO - Starting attempt 2 of 3
[2023-12-01T18:08:06.508+0000] {taskinstance.py:1382} INFO - Executing <Task(PythonOperator): PostgresToGCS1> on 2023-11-30 00:00:00+00:00
[2023-12-01T18:08:06.516+0000] {standard_task_runner.py:57} INFO - Started process 8609 to run task
[2023-12-01T18:08:06.520+0000] {standard_task_runner.py:84} INFO - Running: ['airflow', 'tasks', 'run', 'ingest_to_gcs_to_bq', 'PostgresToGCS1', '__airflow_temporary_run_2023-12-01T17:14:17.279294+00:00__', '--job-id', '279', '--raw', '--subdir', 'DAGS_FOLDER/postgres_to_gcs_staging.py', '--cfg-path', '/tmp/tmp7176_ph_']
[2023-12-01T18:08:06.526+0000] {standard_task_runner.py:85} INFO - Job 279: Subtask PostgresToGCS1
[2023-12-01T18:08:06.618+0000] {task_command.py:416} INFO - Running <TaskInstance: ingest_to_gcs_to_bq.PostgresToGCS1 __airflow_temporary_run_2023-12-01T17:14:17.279294+00:00__ [running]> on host 40ff33dd73db
[2023-12-01T18:08:06.782+0000] {taskinstance.py:1662} INFO - Exporting env vars: AIRFLOW_CTX_DAG_EMAIL='franklinmutwiri41@gmail.com' AIRFLOW_CTX_DAG_OWNER='airflow' AIRFLOW_CTX_DAG_ID='ingest_to_gcs_to_bq' AIRFLOW_CTX_TASK_ID='PostgresToGCS1' AIRFLOW_CTX_EXECUTION_DATE='2023-11-30T00:00:00+00:00' AIRFLOW_CTX_TRY_NUMBER='2' AIRFLOW_CTX_DAG_RUN_ID='__airflow_temporary_run_2023-12-01T17:14:17.279294+00:00__'
[2023-12-01T18:08:06.783+0000] {logging_mixin.py:151} INFO - Current working directory: /opt/airflow
[2023-12-01T18:08:06.803+0000] {connection.py:232} WARNING - Connection schemes (type: google_cloud_platform) shall not contain '_' according to RFC3986.
[2023-12-01T18:08:06.804+0000] {base.py:73} INFO - Using connection ID 'google_cloud_default' for task execution.
[2023-12-01T18:08:06.825+0000] {base.py:73} INFO - Using connection ID 'postgres_docker_conn' for task execution.
[2023-12-01T18:08:06.844+0000] {base.py:73} INFO - Using connection ID 'postgres_docker_conn' for task execution.
[2023-12-01T18:08:06.858+0000] {postgres_to_gcs_staging.py:44} INFO - Uploading to bucket, course.csv
[2023-12-01T18:08:08.587+0000] {gcs.py:562} INFO - File course.csv uploaded to course.csv in school_data_lake_data-warehousing-proj bucket
[2023-12-01T18:08:08.608+0000] {connection.py:232} WARNING - Connection schemes (type: google_cloud_platform) shall not contain '_' according to RFC3986.
[2023-12-01T18:08:08.608+0000] {base.py:73} INFO - Using connection ID 'google_cloud_default' for task execution.
[2023-12-01T18:08:08.631+0000] {base.py:73} INFO - Using connection ID 'postgres_docker_conn' for task execution.
[2023-12-01T18:08:08.648+0000] {base.py:73} INFO - Using connection ID 'postgres_docker_conn' for task execution.
[2023-12-01T18:08:08.659+0000] {postgres_to_gcs_staging.py:44} INFO - Uploading to bucket, country.csv
[2023-12-01T18:08:10.363+0000] {gcs.py:562} INFO - File country.csv uploaded to country.csv in school_data_lake_data-warehousing-proj bucket
[2023-12-01T18:08:10.383+0000] {connection.py:232} WARNING - Connection schemes (type: google_cloud_platform) shall not contain '_' according to RFC3986.
[2023-12-01T18:08:10.384+0000] {base.py:73} INFO - Using connection ID 'google_cloud_default' for task execution.
[2023-12-01T18:08:10.399+0000] {base.py:73} INFO - Using connection ID 'postgres_docker_conn' for task execution.
[2023-12-01T18:08:10.416+0000] {base.py:73} INFO - Using connection ID 'postgres_docker_conn' for task execution.
[2023-12-01T18:08:10.429+0000] {postgres_to_gcs_staging.py:44} INFO - Uploading to bucket, department.csv
[2023-12-01T18:08:12.106+0000] {gcs.py:562} INFO - File department.csv uploaded to department.csv in school_data_lake_data-warehousing-proj bucket
[2023-12-01T18:08:12.107+0000] {python.py:194} INFO - Done. Returned value was: None
[2023-12-01T18:08:12.127+0000] {taskinstance.py:1400} INFO - Marking task as SUCCESS. dag_id=ingest_to_gcs_to_bq, task_id=PostgresToGCS1, execution_date=20231130T000000, start_date=20231201T180806, end_date=20231201T180812
[2023-12-01T18:08:12.173+0000] {local_task_job_runner.py:228} INFO - Task exited with return code 0
[2023-12-01T18:08:12.228+0000] {taskinstance.py:2778} INFO - 0 downstream tasks scheduled from follow-on schedule check
