[2023-12-01T18:09:42.841+0000] {taskinstance.py:1159} INFO - Dependencies all met for dep_context=non-requeueable deps ti=<TaskInstance: ingest_to_gcs_to_bq.PostgresToGCS1 scheduled__2023-11-29T00:00:00+00:00 [queued]>
[2023-12-01T18:09:42.860+0000] {taskinstance.py:1159} INFO - Dependencies all met for dep_context=requeueable deps ti=<TaskInstance: ingest_to_gcs_to_bq.PostgresToGCS1 scheduled__2023-11-29T00:00:00+00:00 [queued]>
[2023-12-01T18:09:42.860+0000] {taskinstance.py:1361} INFO - Starting attempt 1 of 3
[2023-12-01T18:09:42.886+0000] {taskinstance.py:1382} INFO - Executing <Task(PythonOperator): PostgresToGCS1> on 2023-11-29 00:00:00+00:00
[2023-12-01T18:09:42.893+0000] {standard_task_runner.py:57} INFO - Started process 8711 to run task
[2023-12-01T18:09:42.898+0000] {standard_task_runner.py:84} INFO - Running: ['airflow', 'tasks', 'run', 'ingest_to_gcs_to_bq', 'PostgresToGCS1', 'scheduled__2023-11-29T00:00:00+00:00', '--job-id', '294', '--raw', '--subdir', 'DAGS_FOLDER/postgres_to_gcs_staging.py', '--cfg-path', '/tmp/tmpdy9ib3vu']
[2023-12-01T18:09:42.902+0000] {standard_task_runner.py:85} INFO - Job 294: Subtask PostgresToGCS1
[2023-12-01T18:09:43.005+0000] {task_command.py:416} INFO - Running <TaskInstance: ingest_to_gcs_to_bq.PostgresToGCS1 scheduled__2023-11-29T00:00:00+00:00 [running]> on host 40ff33dd73db
[2023-12-01T18:09:43.168+0000] {taskinstance.py:1662} INFO - Exporting env vars: AIRFLOW_CTX_DAG_EMAIL='franklinmutwiri41@gmail.com' AIRFLOW_CTX_DAG_OWNER='airflow' AIRFLOW_CTX_DAG_ID='ingest_to_gcs_to_bq' AIRFLOW_CTX_TASK_ID='PostgresToGCS1' AIRFLOW_CTX_EXECUTION_DATE='2023-11-29T00:00:00+00:00' AIRFLOW_CTX_TRY_NUMBER='1' AIRFLOW_CTX_DAG_RUN_ID='scheduled__2023-11-29T00:00:00+00:00'
[2023-12-01T18:09:43.170+0000] {logging_mixin.py:151} INFO - Current working directory: /opt/airflow
[2023-12-01T18:09:43.197+0000] {connection.py:232} WARNING - Connection schemes (type: google_cloud_platform) shall not contain '_' according to RFC3986.
[2023-12-01T18:09:43.199+0000] {base.py:73} INFO - Using connection ID 'google_cloud_default' for task execution.
[2023-12-01T18:09:43.210+0000] {base.py:73} INFO - Using connection ID 'postgres_docker_conn' for task execution.
[2023-12-01T18:09:43.224+0000] {base.py:73} INFO - Using connection ID 'postgres_docker_conn' for task execution.
[2023-12-01T18:09:43.235+0000] {postgres_to_gcs_staging.py:44} INFO - Uploading to bucket, course.csv
[2023-12-01T18:09:44.860+0000] {gcs.py:562} INFO - File course.csv uploaded to course.csv in school_data_lake_data-warehousing-proj bucket
[2023-12-01T18:09:44.886+0000] {connection.py:232} WARNING - Connection schemes (type: google_cloud_platform) shall not contain '_' according to RFC3986.
[2023-12-01T18:09:44.887+0000] {base.py:73} INFO - Using connection ID 'google_cloud_default' for task execution.
[2023-12-01T18:09:44.899+0000] {base.py:73} INFO - Using connection ID 'postgres_docker_conn' for task execution.
[2023-12-01T18:09:44.913+0000] {base.py:73} INFO - Using connection ID 'postgres_docker_conn' for task execution.
[2023-12-01T18:09:44.924+0000] {postgres_to_gcs_staging.py:44} INFO - Uploading to bucket, country.csv
[2023-12-01T18:09:46.604+0000] {gcs.py:562} INFO - File country.csv uploaded to country.csv in school_data_lake_data-warehousing-proj bucket
[2023-12-01T18:09:46.621+0000] {connection.py:232} WARNING - Connection schemes (type: google_cloud_platform) shall not contain '_' according to RFC3986.
[2023-12-01T18:09:46.621+0000] {base.py:73} INFO - Using connection ID 'google_cloud_default' for task execution.
[2023-12-01T18:09:46.639+0000] {base.py:73} INFO - Using connection ID 'postgres_docker_conn' for task execution.
[2023-12-01T18:09:46.657+0000] {base.py:73} INFO - Using connection ID 'postgres_docker_conn' for task execution.
[2023-12-01T18:09:46.670+0000] {postgres_to_gcs_staging.py:44} INFO - Uploading to bucket, department.csv
[2023-12-01T18:09:48.366+0000] {gcs.py:562} INFO - File department.csv uploaded to department.csv in school_data_lake_data-warehousing-proj bucket
[2023-12-01T18:09:48.367+0000] {python.py:194} INFO - Done. Returned value was: None
[2023-12-01T18:09:48.386+0000] {taskinstance.py:1400} INFO - Marking task as SUCCESS. dag_id=ingest_to_gcs_to_bq, task_id=PostgresToGCS1, execution_date=20231129T000000, start_date=20231201T180942, end_date=20231201T180948
[2023-12-01T18:09:48.455+0000] {local_task_job_runner.py:228} INFO - Task exited with return code 0
[2023-12-01T18:09:48.509+0000] {taskinstance.py:2778} INFO - 1 downstream tasks scheduled from follow-on schedule check
[2023-12-01T18:59:53.234+0000] {taskinstance.py:1159} INFO - Dependencies all met for dep_context=non-requeueable deps ti=<TaskInstance: ingest_to_gcs_to_bq.PostgresToGCS1 scheduled__2023-11-29T00:00:00+00:00 [queued]>
[2023-12-01T18:59:53.261+0000] {taskinstance.py:1159} INFO - Dependencies all met for dep_context=requeueable deps ti=<TaskInstance: ingest_to_gcs_to_bq.PostgresToGCS1 scheduled__2023-11-29T00:00:00+00:00 [queued]>
[2023-12-01T18:59:53.261+0000] {taskinstance.py:1361} INFO - Starting attempt 1 of 3
[2023-12-01T18:59:53.280+0000] {taskinstance.py:1382} INFO - Executing <Task(PythonOperator): PostgresToGCS1> on 2023-11-29 00:00:00+00:00
[2023-12-01T18:59:53.287+0000] {standard_task_runner.py:57} INFO - Started process 10088 to run task
[2023-12-01T18:59:53.291+0000] {standard_task_runner.py:84} INFO - Running: ['airflow', 'tasks', 'run', 'ingest_to_gcs_to_bq', 'PostgresToGCS1', 'scheduled__2023-11-29T00:00:00+00:00', '--job-id', '314', '--raw', '--subdir', 'DAGS_FOLDER/postgres_to_gcs_staging.py', '--cfg-path', '/tmp/tmpa66f4_j0']
[2023-12-01T18:59:53.295+0000] {standard_task_runner.py:85} INFO - Job 314: Subtask PostgresToGCS1
[2023-12-01T18:59:53.372+0000] {task_command.py:416} INFO - Running <TaskInstance: ingest_to_gcs_to_bq.PostgresToGCS1 scheduled__2023-11-29T00:00:00+00:00 [running]> on host 40ff33dd73db
[2023-12-01T18:59:53.496+0000] {taskinstance.py:1662} INFO - Exporting env vars: AIRFLOW_CTX_DAG_EMAIL='franklinmutwiri41@gmail.com' AIRFLOW_CTX_DAG_OWNER='airflow' AIRFLOW_CTX_DAG_ID='ingest_to_gcs_to_bq' AIRFLOW_CTX_TASK_ID='PostgresToGCS1' AIRFLOW_CTX_EXECUTION_DATE='2023-11-29T00:00:00+00:00' AIRFLOW_CTX_TRY_NUMBER='1' AIRFLOW_CTX_DAG_RUN_ID='scheduled__2023-11-29T00:00:00+00:00'
[2023-12-01T18:59:53.498+0000] {logging_mixin.py:151} INFO - Current working directory: /opt/airflow
[2023-12-01T18:59:53.512+0000] {connection.py:232} WARNING - Connection schemes (type: google_cloud_platform) shall not contain '_' according to RFC3986.
[2023-12-01T18:59:53.513+0000] {base.py:73} INFO - Using connection ID 'google_cloud_default' for task execution.
[2023-12-01T18:59:53.525+0000] {base.py:73} INFO - Using connection ID 'postgres_docker_conn' for task execution.
[2023-12-01T18:59:53.538+0000] {base.py:73} INFO - Using connection ID 'postgres_docker_conn' for task execution.
[2023-12-01T18:59:53.548+0000] {postgres_to_gcs_staging.py:44} INFO - Uploading to bucket, course.csv
[2023-12-01T18:59:55.223+0000] {gcs.py:562} INFO - File course.csv uploaded to course.csv in school_data_lake_data-warehousing-proj bucket
[2023-12-01T18:59:55.244+0000] {connection.py:232} WARNING - Connection schemes (type: google_cloud_platform) shall not contain '_' according to RFC3986.
[2023-12-01T18:59:55.245+0000] {base.py:73} INFO - Using connection ID 'google_cloud_default' for task execution.
[2023-12-01T18:59:55.262+0000] {base.py:73} INFO - Using connection ID 'postgres_docker_conn' for task execution.
[2023-12-01T18:59:55.274+0000] {base.py:73} INFO - Using connection ID 'postgres_docker_conn' for task execution.
[2023-12-01T18:59:55.285+0000] {postgres_to_gcs_staging.py:44} INFO - Uploading to bucket, country.csv
[2023-12-01T18:59:56.937+0000] {gcs.py:562} INFO - File country.csv uploaded to country.csv in school_data_lake_data-warehousing-proj bucket
[2023-12-01T18:59:56.949+0000] {connection.py:232} WARNING - Connection schemes (type: google_cloud_platform) shall not contain '_' according to RFC3986.
[2023-12-01T18:59:56.950+0000] {base.py:73} INFO - Using connection ID 'google_cloud_default' for task execution.
[2023-12-01T18:59:56.963+0000] {base.py:73} INFO - Using connection ID 'postgres_docker_conn' for task execution.
[2023-12-01T18:59:56.977+0000] {base.py:73} INFO - Using connection ID 'postgres_docker_conn' for task execution.
[2023-12-01T18:59:56.989+0000] {postgres_to_gcs_staging.py:44} INFO - Uploading to bucket, department.csv
[2023-12-01T18:59:58.738+0000] {gcs.py:562} INFO - File department.csv uploaded to department.csv in school_data_lake_data-warehousing-proj bucket
[2023-12-01T18:59:58.738+0000] {python.py:194} INFO - Done. Returned value was: None
[2023-12-01T18:59:58.760+0000] {taskinstance.py:1400} INFO - Marking task as SUCCESS. dag_id=ingest_to_gcs_to_bq, task_id=PostgresToGCS1, execution_date=20231129T000000, start_date=20231201T185953, end_date=20231201T185958
[2023-12-01T18:59:58.828+0000] {local_task_job_runner.py:228} INFO - Task exited with return code 0
[2023-12-01T18:59:58.874+0000] {taskinstance.py:2778} INFO - 1 downstream tasks scheduled from follow-on schedule check
