[2024-01-07T13:51:44.545+0000] {taskinstance.py:1159} INFO - Dependencies all met for dep_context=non-requeueable deps ti=<TaskInstance: ingest_from_postgres_to_GCS_bucket.copy_course_Postgres_To_GCS scheduled__2023-12-01T00:00:00+00:00 [queued]>
[2024-01-07T13:51:44.587+0000] {taskinstance.py:1159} INFO - Dependencies all met for dep_context=requeueable deps ti=<TaskInstance: ingest_from_postgres_to_GCS_bucket.copy_course_Postgres_To_GCS scheduled__2023-12-01T00:00:00+00:00 [queued]>
[2024-01-07T13:51:44.588+0000] {taskinstance.py:1361} INFO - Starting attempt 1 of 3
[2024-01-07T13:51:44.634+0000] {taskinstance.py:1382} INFO - Executing <Task(PythonOperator): copy_course_Postgres_To_GCS> on 2023-12-01 00:00:00+00:00
[2024-01-07T13:51:44.647+0000] {standard_task_runner.py:57} INFO - Started process 650 to run task
[2024-01-07T13:51:44.658+0000] {standard_task_runner.py:84} INFO - Running: ['***', 'tasks', 'run', 'ingest_from_postgres_to_GCS_bucket', 'copy_course_Postgres_To_GCS', 'scheduled__2023-12-01T00:00:00+00:00', '--job-id', '146', '--raw', '--subdir', 'DAGS_FOLDER/postgres_to_gcs_staging.py', '--cfg-path', '/tmp/tmp6itcrjf_']
[2024-01-07T13:51:44.662+0000] {standard_task_runner.py:85} INFO - Job 146: Subtask copy_course_Postgres_To_GCS
[2024-01-07T13:51:44.771+0000] {task_command.py:416} INFO - Running <TaskInstance: ingest_from_postgres_to_GCS_bucket.copy_course_Postgres_To_GCS scheduled__2023-12-01T00:00:00+00:00 [running]> on host 5d007c0b4985
[2024-01-07T13:51:44.931+0000] {taskinstance.py:1662} INFO - Exporting env vars: AIRFLOW_CTX_DAG_EMAIL='franklinmutwiri41@gmail.com' AIRFLOW_CTX_DAG_OWNER='***' AIRFLOW_CTX_DAG_ID='ingest_from_postgres_to_GCS_bucket' AIRFLOW_CTX_TASK_ID='copy_course_Postgres_To_GCS' AIRFLOW_CTX_EXECUTION_DATE='2023-12-01T00:00:00+00:00' AIRFLOW_CTX_TRY_NUMBER='1' AIRFLOW_CTX_DAG_RUN_ID='scheduled__2023-12-01T00:00:00+00:00'
[2024-01-07T13:51:44.949+0000] {base.py:73} INFO - Using connection ID 'postgres_docker_conn' for task execution.
[2024-01-07T13:51:44.964+0000] {base.py:73} INFO - Using connection ID 'postgres_docker_conn' for task execution.
[2024-01-07T13:51:44.987+0000] {logging_mixin.py:151} WARNING - /home/***/.local/lib/python3.8/site-packages/***/providers/common/sql/hooks/sql.py:219 UserWarning: pandas only supports SQLAlchemy connectable (engine/connection) or database string URI or sqlite3 DBAPI2 connection. Other DBAPI2 objects are not tested. Please consider using SQLAlchemy.
[2024-01-07T13:51:44.996+0000] {postgres_to_gcs_staging.py:52} INFO - Uploading to bucket, course
[2024-01-07T13:51:44.996+0000] {python.py:194} INFO - Done. Returned value was: None
[2024-01-07T13:51:45.013+0000] {taskinstance.py:1400} INFO - Marking task as SUCCESS. dag_id=ingest_from_postgres_to_GCS_bucket, task_id=copy_course_Postgres_To_GCS, execution_date=20231201T000000, start_date=20240107T135144, end_date=20240107T135145
[2024-01-07T13:51:45.081+0000] {local_task_job_runner.py:228} INFO - Task exited with return code 0
[2024-01-07T13:51:45.114+0000] {taskinstance.py:2778} INFO - 0 downstream tasks scheduled from follow-on schedule check
[2024-01-07T15:49:40.079+0000] {taskinstance.py:1159} INFO - Dependencies all met for dep_context=non-requeueable deps ti=<TaskInstance: ingest_from_postgres_to_GCS_bucket.copy_course_Postgres_To_GCS scheduled__2023-12-01T00:00:00+00:00 [queued]>
[2024-01-07T15:49:40.100+0000] {taskinstance.py:1159} INFO - Dependencies all met for dep_context=requeueable deps ti=<TaskInstance: ingest_from_postgres_to_GCS_bucket.copy_course_Postgres_To_GCS scheduled__2023-12-01T00:00:00+00:00 [queued]>
[2024-01-07T15:49:40.100+0000] {taskinstance.py:1361} INFO - Starting attempt 1 of 3
[2024-01-07T15:49:40.121+0000] {taskinstance.py:1382} INFO - Executing <Task(PythonOperator): copy_course_Postgres_To_GCS> on 2023-12-01 00:00:00+00:00
[2024-01-07T15:49:40.129+0000] {standard_task_runner.py:57} INFO - Started process 3929 to run task
[2024-01-07T15:49:40.135+0000] {standard_task_runner.py:84} INFO - Running: ['***', 'tasks', 'run', 'ingest_from_postgres_to_GCS_bucket', 'copy_course_Postgres_To_GCS', 'scheduled__2023-12-01T00:00:00+00:00', '--job-id', '274', '--raw', '--subdir', 'DAGS_FOLDER/postgres_to_gcs_staging.py', '--cfg-path', '/tmp/tmp2_99c2cp']
[2024-01-07T15:49:40.139+0000] {standard_task_runner.py:85} INFO - Job 274: Subtask copy_course_Postgres_To_GCS
[2024-01-07T15:49:40.229+0000] {task_command.py:416} INFO - Running <TaskInstance: ingest_from_postgres_to_GCS_bucket.copy_course_Postgres_To_GCS scheduled__2023-12-01T00:00:00+00:00 [running]> on host 5d007c0b4985
[2024-01-07T15:49:40.371+0000] {taskinstance.py:1662} INFO - Exporting env vars: AIRFLOW_CTX_DAG_EMAIL='franklinmutwiri41@gmail.com' AIRFLOW_CTX_DAG_OWNER='***' AIRFLOW_CTX_DAG_ID='ingest_from_postgres_to_GCS_bucket' AIRFLOW_CTX_TASK_ID='copy_course_Postgres_To_GCS' AIRFLOW_CTX_EXECUTION_DATE='2023-12-01T00:00:00+00:00' AIRFLOW_CTX_TRY_NUMBER='1' AIRFLOW_CTX_DAG_RUN_ID='scheduled__2023-12-01T00:00:00+00:00'
[2024-01-07T15:49:40.390+0000] {base.py:73} INFO - Using connection ID 'postgres_docker_conn' for task execution.
[2024-01-07T15:49:40.407+0000] {base.py:73} INFO - Using connection ID 'postgres_docker_conn' for task execution.
[2024-01-07T15:49:40.430+0000] {logging_mixin.py:151} WARNING - /home/***/.local/lib/python3.8/site-packages/***/providers/common/sql/hooks/sql.py:219 UserWarning: pandas only supports SQLAlchemy connectable (engine/connection) or database string URI or sqlite3 DBAPI2 connection. Other DBAPI2 objects are not tested. Please consider using SQLAlchemy.
[2024-01-07T15:49:40.437+0000] {postgres_to_gcs_staging.py:52} INFO - Uploading to bucket, course
[2024-01-07T15:49:40.437+0000] {python.py:194} INFO - Done. Returned value was: None
[2024-01-07T15:49:40.455+0000] {taskinstance.py:1400} INFO - Marking task as SUCCESS. dag_id=ingest_from_postgres_to_GCS_bucket, task_id=copy_course_Postgres_To_GCS, execution_date=20231201T000000, start_date=20240107T154940, end_date=20240107T154940
[2024-01-07T15:49:40.508+0000] {local_task_job_runner.py:228} INFO - Task exited with return code 0
[2024-01-07T15:49:40.535+0000] {taskinstance.py:2778} INFO - 0 downstream tasks scheduled from follow-on schedule check
