[2023-12-01T17:55:46.436+0000] {taskinstance.py:1159} INFO - Dependencies all met for dep_context=non-requeueable deps ti=<TaskInstance: ingest_to_gcs_to_bq.PostgresToGCS1 scheduled__2023-11-28T00:00:00+00:00 [queued]>
[2023-12-01T17:55:46.459+0000] {taskinstance.py:1159} INFO - Dependencies all met for dep_context=requeueable deps ti=<TaskInstance: ingest_to_gcs_to_bq.PostgresToGCS1 scheduled__2023-11-28T00:00:00+00:00 [queued]>
[2023-12-01T17:55:46.459+0000] {taskinstance.py:1361} INFO - Starting attempt 1 of 3
[2023-12-01T17:55:46.543+0000] {taskinstance.py:1382} INFO - Executing <Task(PythonOperator): PostgresToGCS1> on 2023-11-28 00:00:00+00:00
[2023-12-01T17:55:46.560+0000] {standard_task_runner.py:57} INFO - Started process 8251 to run task
[2023-12-01T17:55:46.571+0000] {standard_task_runner.py:84} INFO - Running: ['airflow', 'tasks', 'run', 'ingest_to_gcs_to_bq', 'PostgresToGCS1', 'scheduled__2023-11-28T00:00:00+00:00', '--job-id', '261', '--raw', '--subdir', 'DAGS_FOLDER/postgres_to_gcs_staging.py', '--cfg-path', '/tmp/tmphzlijze1']
[2023-12-01T17:55:46.579+0000] {standard_task_runner.py:85} INFO - Job 261: Subtask PostgresToGCS1
[2023-12-01T17:55:46.818+0000] {task_command.py:416} INFO - Running <TaskInstance: ingest_to_gcs_to_bq.PostgresToGCS1 scheduled__2023-11-28T00:00:00+00:00 [running]> on host 40ff33dd73db
[2023-12-01T17:55:47.049+0000] {taskinstance.py:1662} INFO - Exporting env vars: AIRFLOW_CTX_DAG_EMAIL='franklinmutwiri41@gmail.com' AIRFLOW_CTX_DAG_OWNER='airflow' AIRFLOW_CTX_DAG_ID='ingest_to_gcs_to_bq' AIRFLOW_CTX_TASK_ID='PostgresToGCS1' AIRFLOW_CTX_EXECUTION_DATE='2023-11-28T00:00:00+00:00' AIRFLOW_CTX_TRY_NUMBER='1' AIRFLOW_CTX_DAG_RUN_ID='scheduled__2023-11-28T00:00:00+00:00'
[2023-12-01T17:55:47.051+0000] {logging_mixin.py:151} INFO - Current working directory: /opt/airflow
[2023-12-01T17:55:47.082+0000] {connection.py:232} WARNING - Connection schemes (type: google_cloud_platform) shall not contain '_' according to RFC3986.
[2023-12-01T17:55:47.086+0000] {base.py:73} INFO - Using connection ID 'google_cloud_default' for task execution.
[2023-12-01T17:55:47.106+0000] {base.py:73} INFO - Using connection ID 'postgres_docker_conn' for task execution.
[2023-12-01T17:55:47.128+0000] {base.py:73} INFO - Using connection ID 'postgres_docker_conn' for task execution.
[2023-12-01T17:55:47.144+0000] {postgres_to_gcs_staging.py:44} INFO - Uploading to bucket, course.csv
[2023-12-01T17:55:48.329+0000] {gcs.py:562} INFO - File course.csv uploaded to course.csv in school_data_lake_data-warehousing-proj bucket
[2023-12-01T17:55:48.354+0000] {connection.py:232} WARNING - Connection schemes (type: google_cloud_platform) shall not contain '_' according to RFC3986.
[2023-12-01T17:55:48.355+0000] {base.py:73} INFO - Using connection ID 'google_cloud_default' for task execution.
[2023-12-01T17:55:48.375+0000] {base.py:73} INFO - Using connection ID 'postgres_docker_conn' for task execution.
[2023-12-01T17:55:48.393+0000] {base.py:73} INFO - Using connection ID 'postgres_docker_conn' for task execution.
[2023-12-01T17:55:48.408+0000] {postgres_to_gcs_staging.py:44} INFO - Uploading to bucket, country.csv
[2023-12-01T17:55:50.112+0000] {gcs.py:562} INFO - File country.csv uploaded to country.csv in school_data_lake_data-warehousing-proj bucket
[2023-12-01T17:55:50.124+0000] {connection.py:232} WARNING - Connection schemes (type: google_cloud_platform) shall not contain '_' according to RFC3986.
[2023-12-01T17:55:50.124+0000] {base.py:73} INFO - Using connection ID 'google_cloud_default' for task execution.
[2023-12-01T17:55:50.139+0000] {base.py:73} INFO - Using connection ID 'postgres_docker_conn' for task execution.
[2023-12-01T17:55:50.155+0000] {base.py:73} INFO - Using connection ID 'postgres_docker_conn' for task execution.
[2023-12-01T17:55:50.168+0000] {postgres_to_gcs_staging.py:44} INFO - Uploading to bucket, department.csv
[2023-12-01T17:55:51.819+0000] {gcs.py:562} INFO - File department.csv uploaded to department.csv in school_data_lake_data-warehousing-proj bucket
[2023-12-01T17:55:51.820+0000] {python.py:194} INFO - Done. Returned value was: None
[2023-12-01T17:55:51.835+0000] {taskinstance.py:1400} INFO - Marking task as SUCCESS. dag_id=ingest_to_gcs_to_bq, task_id=PostgresToGCS1, execution_date=20231128T000000, start_date=20231201T175546, end_date=20231201T175551
[2023-12-01T17:55:51.886+0000] {local_task_job_runner.py:228} INFO - Task exited with return code 0
[2023-12-01T17:55:51.922+0000] {taskinstance.py:2778} INFO - 1 downstream tasks scheduled from follow-on schedule check
[2023-12-01T18:59:40.571+0000] {taskinstance.py:1159} INFO - Dependencies all met for dep_context=non-requeueable deps ti=<TaskInstance: ingest_to_gcs_to_bq.PostgresToGCS1 scheduled__2023-11-28T00:00:00+00:00 [queued]>
[2023-12-01T18:59:40.606+0000] {taskinstance.py:1159} INFO - Dependencies all met for dep_context=requeueable deps ti=<TaskInstance: ingest_to_gcs_to_bq.PostgresToGCS1 scheduled__2023-11-28T00:00:00+00:00 [queued]>
[2023-12-01T18:59:40.607+0000] {taskinstance.py:1361} INFO - Starting attempt 1 of 3
[2023-12-01T18:59:40.637+0000] {taskinstance.py:1382} INFO - Executing <Task(PythonOperator): PostgresToGCS1> on 2023-11-28 00:00:00+00:00
[2023-12-01T18:59:40.644+0000] {standard_task_runner.py:57} INFO - Started process 10071 to run task
[2023-12-01T18:59:40.650+0000] {standard_task_runner.py:84} INFO - Running: ['airflow', 'tasks', 'run', 'ingest_to_gcs_to_bq', 'PostgresToGCS1', 'scheduled__2023-11-28T00:00:00+00:00', '--job-id', '310', '--raw', '--subdir', 'DAGS_FOLDER/postgres_to_gcs_staging.py', '--cfg-path', '/tmp/tmpctau2eqz']
[2023-12-01T18:59:40.654+0000] {standard_task_runner.py:85} INFO - Job 310: Subtask PostgresToGCS1
[2023-12-01T18:59:40.743+0000] {task_command.py:416} INFO - Running <TaskInstance: ingest_to_gcs_to_bq.PostgresToGCS1 scheduled__2023-11-28T00:00:00+00:00 [running]> on host 40ff33dd73db
[2023-12-01T18:59:40.902+0000] {taskinstance.py:1662} INFO - Exporting env vars: AIRFLOW_CTX_DAG_EMAIL='franklinmutwiri41@gmail.com' AIRFLOW_CTX_DAG_OWNER='airflow' AIRFLOW_CTX_DAG_ID='ingest_to_gcs_to_bq' AIRFLOW_CTX_TASK_ID='PostgresToGCS1' AIRFLOW_CTX_EXECUTION_DATE='2023-11-28T00:00:00+00:00' AIRFLOW_CTX_TRY_NUMBER='1' AIRFLOW_CTX_DAG_RUN_ID='scheduled__2023-11-28T00:00:00+00:00'
[2023-12-01T18:59:40.904+0000] {logging_mixin.py:151} INFO - Current working directory: /opt/airflow
[2023-12-01T18:59:40.920+0000] {connection.py:232} WARNING - Connection schemes (type: google_cloud_platform) shall not contain '_' according to RFC3986.
[2023-12-01T18:59:40.922+0000] {base.py:73} INFO - Using connection ID 'google_cloud_default' for task execution.
[2023-12-01T18:59:40.937+0000] {base.py:73} INFO - Using connection ID 'postgres_docker_conn' for task execution.
[2023-12-01T18:59:40.954+0000] {base.py:73} INFO - Using connection ID 'postgres_docker_conn' for task execution.
[2023-12-01T18:59:40.967+0000] {postgres_to_gcs_staging.py:44} INFO - Uploading to bucket, course.csv
[2023-12-01T18:59:42.674+0000] {gcs.py:562} INFO - File course.csv uploaded to course.csv in school_data_lake_data-warehousing-proj bucket
[2023-12-01T18:59:42.690+0000] {connection.py:232} WARNING - Connection schemes (type: google_cloud_platform) shall not contain '_' according to RFC3986.
[2023-12-01T18:59:42.691+0000] {base.py:73} INFO - Using connection ID 'google_cloud_default' for task execution.
[2023-12-01T18:59:42.707+0000] {base.py:73} INFO - Using connection ID 'postgres_docker_conn' for task execution.
[2023-12-01T18:59:42.721+0000] {base.py:73} INFO - Using connection ID 'postgres_docker_conn' for task execution.
[2023-12-01T18:59:42.734+0000] {postgres_to_gcs_staging.py:44} INFO - Uploading to bucket, country.csv
[2023-12-01T18:59:44.383+0000] {gcs.py:562} INFO - File country.csv uploaded to country.csv in school_data_lake_data-warehousing-proj bucket
[2023-12-01T18:59:44.404+0000] {connection.py:232} WARNING - Connection schemes (type: google_cloud_platform) shall not contain '_' according to RFC3986.
[2023-12-01T18:59:44.405+0000] {base.py:73} INFO - Using connection ID 'google_cloud_default' for task execution.
[2023-12-01T18:59:44.426+0000] {base.py:73} INFO - Using connection ID 'postgres_docker_conn' for task execution.
[2023-12-01T18:59:44.448+0000] {base.py:73} INFO - Using connection ID 'postgres_docker_conn' for task execution.
[2023-12-01T18:59:44.469+0000] {postgres_to_gcs_staging.py:44} INFO - Uploading to bucket, department.csv
[2023-12-01T18:59:46.191+0000] {gcs.py:562} INFO - File department.csv uploaded to department.csv in school_data_lake_data-warehousing-proj bucket
[2023-12-01T18:59:46.191+0000] {python.py:194} INFO - Done. Returned value was: None
[2023-12-01T18:59:46.215+0000] {taskinstance.py:1400} INFO - Marking task as SUCCESS. dag_id=ingest_to_gcs_to_bq, task_id=PostgresToGCS1, execution_date=20231128T000000, start_date=20231201T185940, end_date=20231201T185946
[2023-12-01T18:59:46.275+0000] {local_task_job_runner.py:228} INFO - Task exited with return code 0
[2023-12-01T18:59:46.332+0000] {taskinstance.py:2778} INFO - 1 downstream tasks scheduled from follow-on schedule check
