[2024-01-07T13:51:51.502+0000] {taskinstance.py:1159} INFO - Dependencies all met for dep_context=non-requeueable deps ti=<TaskInstance: ingest_from_postgres_to_GCS_bucket.copy_country_Postgres_To_GCS scheduled__2023-12-03T00:00:00+00:00 [queued]>
[2024-01-07T13:51:51.529+0000] {taskinstance.py:1159} INFO - Dependencies all met for dep_context=requeueable deps ti=<TaskInstance: ingest_from_postgres_to_GCS_bucket.copy_country_Postgres_To_GCS scheduled__2023-12-03T00:00:00+00:00 [queued]>
[2024-01-07T13:51:51.529+0000] {taskinstance.py:1361} INFO - Starting attempt 1 of 3
[2024-01-07T13:51:51.583+0000] {taskinstance.py:1382} INFO - Executing <Task(PythonOperator): copy_country_Postgres_To_GCS> on 2023-12-03 00:00:00+00:00
[2024-01-07T13:51:51.600+0000] {standard_task_runner.py:57} INFO - Started process 675 to run task
[2024-01-07T13:51:51.604+0000] {standard_task_runner.py:84} INFO - Running: ['***', 'tasks', 'run', 'ingest_from_postgres_to_GCS_bucket', 'copy_country_Postgres_To_GCS', 'scheduled__2023-12-03T00:00:00+00:00', '--job-id', '152', '--raw', '--subdir', 'DAGS_FOLDER/postgres_to_gcs_staging.py', '--cfg-path', '/tmp/tmpokec7jpl']
[2024-01-07T13:51:51.636+0000] {standard_task_runner.py:85} INFO - Job 152: Subtask copy_country_Postgres_To_GCS
[2024-01-07T13:51:51.787+0000] {task_command.py:416} INFO - Running <TaskInstance: ingest_from_postgres_to_GCS_bucket.copy_country_Postgres_To_GCS scheduled__2023-12-03T00:00:00+00:00 [running]> on host 5d007c0b4985
[2024-01-07T13:51:51.952+0000] {taskinstance.py:1662} INFO - Exporting env vars: AIRFLOW_CTX_DAG_EMAIL='franklinmutwiri41@gmail.com' AIRFLOW_CTX_DAG_OWNER='***' AIRFLOW_CTX_DAG_ID='ingest_from_postgres_to_GCS_bucket' AIRFLOW_CTX_TASK_ID='copy_country_Postgres_To_GCS' AIRFLOW_CTX_EXECUTION_DATE='2023-12-03T00:00:00+00:00' AIRFLOW_CTX_TRY_NUMBER='1' AIRFLOW_CTX_DAG_RUN_ID='scheduled__2023-12-03T00:00:00+00:00'
[2024-01-07T13:51:51.975+0000] {base.py:73} INFO - Using connection ID 'postgres_docker_conn' for task execution.
[2024-01-07T13:51:51.994+0000] {base.py:73} INFO - Using connection ID 'postgres_docker_conn' for task execution.
[2024-01-07T13:51:52.027+0000] {logging_mixin.py:151} WARNING - /home/***/.local/lib/python3.8/site-packages/***/providers/common/sql/hooks/sql.py:219 UserWarning: pandas only supports SQLAlchemy connectable (engine/connection) or database string URI or sqlite3 DBAPI2 connection. Other DBAPI2 objects are not tested. Please consider using SQLAlchemy.
[2024-01-07T13:51:52.036+0000] {postgres_to_gcs_staging.py:52} INFO - Uploading to bucket, country
[2024-01-07T13:51:52.036+0000] {python.py:194} INFO - Done. Returned value was: None
[2024-01-07T13:51:52.055+0000] {taskinstance.py:1400} INFO - Marking task as SUCCESS. dag_id=ingest_from_postgres_to_GCS_bucket, task_id=copy_country_Postgres_To_GCS, execution_date=20231203T000000, start_date=20240107T135151, end_date=20240107T135152
[2024-01-07T13:51:52.117+0000] {local_task_job_runner.py:228} INFO - Task exited with return code 0
[2024-01-07T13:51:52.143+0000] {taskinstance.py:2778} INFO - 0 downstream tasks scheduled from follow-on schedule check
[2024-01-07T15:49:53.098+0000] {taskinstance.py:1159} INFO - Dependencies all met for dep_context=non-requeueable deps ti=<TaskInstance: ingest_from_postgres_to_GCS_bucket.copy_country_Postgres_To_GCS scheduled__2023-12-03T00:00:00+00:00 [queued]>
[2024-01-07T15:49:53.130+0000] {taskinstance.py:1159} INFO - Dependencies all met for dep_context=requeueable deps ti=<TaskInstance: ingest_from_postgres_to_GCS_bucket.copy_country_Postgres_To_GCS scheduled__2023-12-03T00:00:00+00:00 [queued]>
[2024-01-07T15:49:53.130+0000] {taskinstance.py:1361} INFO - Starting attempt 1 of 3
[2024-01-07T15:49:53.157+0000] {taskinstance.py:1382} INFO - Executing <Task(PythonOperator): copy_country_Postgres_To_GCS> on 2023-12-03 00:00:00+00:00
[2024-01-07T15:49:53.164+0000] {standard_task_runner.py:57} INFO - Started process 3955 to run task
[2024-01-07T15:49:53.168+0000] {standard_task_runner.py:84} INFO - Running: ['***', 'tasks', 'run', 'ingest_from_postgres_to_GCS_bucket', 'copy_country_Postgres_To_GCS', 'scheduled__2023-12-03T00:00:00+00:00', '--job-id', '281', '--raw', '--subdir', 'DAGS_FOLDER/postgres_to_gcs_staging.py', '--cfg-path', '/tmp/tmpjcp_8t9w']
[2024-01-07T15:49:53.172+0000] {standard_task_runner.py:85} INFO - Job 281: Subtask copy_country_Postgres_To_GCS
[2024-01-07T15:49:53.256+0000] {task_command.py:416} INFO - Running <TaskInstance: ingest_from_postgres_to_GCS_bucket.copy_country_Postgres_To_GCS scheduled__2023-12-03T00:00:00+00:00 [running]> on host 5d007c0b4985
[2024-01-07T15:49:53.437+0000] {taskinstance.py:1662} INFO - Exporting env vars: AIRFLOW_CTX_DAG_EMAIL='franklinmutwiri41@gmail.com' AIRFLOW_CTX_DAG_OWNER='***' AIRFLOW_CTX_DAG_ID='ingest_from_postgres_to_GCS_bucket' AIRFLOW_CTX_TASK_ID='copy_country_Postgres_To_GCS' AIRFLOW_CTX_EXECUTION_DATE='2023-12-03T00:00:00+00:00' AIRFLOW_CTX_TRY_NUMBER='1' AIRFLOW_CTX_DAG_RUN_ID='scheduled__2023-12-03T00:00:00+00:00'
[2024-01-07T15:49:53.459+0000] {base.py:73} INFO - Using connection ID 'postgres_docker_conn' for task execution.
[2024-01-07T15:49:53.479+0000] {base.py:73} INFO - Using connection ID 'postgres_docker_conn' for task execution.
[2024-01-07T15:49:53.505+0000] {logging_mixin.py:151} WARNING - /home/***/.local/lib/python3.8/site-packages/***/providers/common/sql/hooks/sql.py:219 UserWarning: pandas only supports SQLAlchemy connectable (engine/connection) or database string URI or sqlite3 DBAPI2 connection. Other DBAPI2 objects are not tested. Please consider using SQLAlchemy.
[2024-01-07T15:49:53.517+0000] {postgres_to_gcs_staging.py:52} INFO - Uploading to bucket, country
[2024-01-07T15:49:53.517+0000] {python.py:194} INFO - Done. Returned value was: None
[2024-01-07T15:49:53.541+0000] {taskinstance.py:1400} INFO - Marking task as SUCCESS. dag_id=ingest_from_postgres_to_GCS_bucket, task_id=copy_country_Postgres_To_GCS, execution_date=20231203T000000, start_date=20240107T154953, end_date=20240107T154953
[2024-01-07T15:49:53.580+0000] {local_task_job_runner.py:228} INFO - Task exited with return code 0
[2024-01-07T15:49:53.605+0000] {taskinstance.py:2778} INFO - 0 downstream tasks scheduled from follow-on schedule check
