[2024-01-06T21:40:09.451+0000] {taskinstance.py:1159} INFO - Dependencies all met for dep_context=non-requeueable deps ti=<TaskInstance: ingest_to_gcs_to_bq.PostgresToGCS1 scheduled__2023-12-03T00:00:00+00:00 [queued]>
[2024-01-06T21:40:09.467+0000] {taskinstance.py:1159} INFO - Dependencies all met for dep_context=requeueable deps ti=<TaskInstance: ingest_to_gcs_to_bq.PostgresToGCS1 scheduled__2023-12-03T00:00:00+00:00 [queued]>
[2024-01-06T21:40:09.467+0000] {taskinstance.py:1361} INFO - Starting attempt 1 of 3
[2024-01-06T21:40:09.497+0000] {taskinstance.py:1382} INFO - Executing <Task(PythonOperator): PostgresToGCS1> on 2023-12-03 00:00:00+00:00
[2024-01-06T21:40:09.504+0000] {standard_task_runner.py:57} INFO - Started process 838 to run task
[2024-01-06T21:40:09.512+0000] {standard_task_runner.py:84} INFO - Running: ['airflow', 'tasks', 'run', 'ingest_to_gcs_to_bq', 'PostgresToGCS1', 'scheduled__2023-12-03T00:00:00+00:00', '--job-id', '333', '--raw', '--subdir', 'DAGS_FOLDER/postgres_to_gcs_staging.py', '--cfg-path', '/tmp/tmp_p_ny66d']
[2024-01-06T21:40:09.514+0000] {standard_task_runner.py:85} INFO - Job 333: Subtask PostgresToGCS1
[2024-01-06T21:40:09.601+0000] {task_command.py:416} INFO - Running <TaskInstance: ingest_to_gcs_to_bq.PostgresToGCS1 scheduled__2023-12-03T00:00:00+00:00 [running]> on host 728034eac417
[2024-01-06T21:40:09.754+0000] {taskinstance.py:1662} INFO - Exporting env vars: AIRFLOW_CTX_DAG_EMAIL='franklinmutwiri41@gmail.com' AIRFLOW_CTX_DAG_OWNER='airflow' AIRFLOW_CTX_DAG_ID='ingest_to_gcs_to_bq' AIRFLOW_CTX_TASK_ID='PostgresToGCS1' AIRFLOW_CTX_EXECUTION_DATE='2023-12-03T00:00:00+00:00' AIRFLOW_CTX_TRY_NUMBER='1' AIRFLOW_CTX_DAG_RUN_ID='scheduled__2023-12-03T00:00:00+00:00'
[2024-01-06T21:40:09.757+0000] {logging_mixin.py:151} INFO - Current working directory: /opt/airflow
[2024-01-06T21:40:09.779+0000] {connection.py:232} WARNING - Connection schemes (type: google_cloud_platform) shall not contain '_' according to RFC3986.
[2024-01-06T21:40:09.782+0000] {base.py:73} INFO - Using connection ID 'google_cloud_default' for task execution.
[2024-01-06T21:40:09.800+0000] {base.py:73} INFO - Using connection ID 'postgres_docker_conn' for task execution.
[2024-01-06T21:40:09.819+0000] {base.py:73} INFO - Using connection ID 'postgres_docker_conn' for task execution.
[2024-01-06T21:40:09.836+0000] {postgres_to_gcs_staging.py:44} INFO - Uploading to bucket, course.csv
[2024-01-06T21:40:12.870+0000] {gcs.py:562} INFO - File course.csv uploaded to course.csv in school_data_lake_data-warehousing-proj bucket
[2024-01-06T21:40:12.886+0000] {connection.py:232} WARNING - Connection schemes (type: google_cloud_platform) shall not contain '_' according to RFC3986.
[2024-01-06T21:40:12.886+0000] {base.py:73} INFO - Using connection ID 'google_cloud_default' for task execution.
[2024-01-06T21:40:12.901+0000] {base.py:73} INFO - Using connection ID 'postgres_docker_conn' for task execution.
[2024-01-06T21:40:12.915+0000] {base.py:73} INFO - Using connection ID 'postgres_docker_conn' for task execution.
[2024-01-06T21:40:12.928+0000] {postgres_to_gcs_staging.py:44} INFO - Uploading to bucket, country.csv
[2024-01-06T21:40:15.358+0000] {gcs.py:562} INFO - File country.csv uploaded to country.csv in school_data_lake_data-warehousing-proj bucket
[2024-01-06T21:40:15.372+0000] {connection.py:232} WARNING - Connection schemes (type: google_cloud_platform) shall not contain '_' according to RFC3986.
[2024-01-06T21:40:15.373+0000] {base.py:73} INFO - Using connection ID 'google_cloud_default' for task execution.
[2024-01-06T21:40:15.387+0000] {base.py:73} INFO - Using connection ID 'postgres_docker_conn' for task execution.
[2024-01-06T21:40:15.404+0000] {base.py:73} INFO - Using connection ID 'postgres_docker_conn' for task execution.
[2024-01-06T21:40:15.418+0000] {postgres_to_gcs_staging.py:44} INFO - Uploading to bucket, department.csv
[2024-01-06T21:40:17.865+0000] {gcs.py:562} INFO - File department.csv uploaded to department.csv in school_data_lake_data-warehousing-proj bucket
[2024-01-06T21:40:17.865+0000] {python.py:194} INFO - Done. Returned value was: None
[2024-01-06T21:40:17.890+0000] {taskinstance.py:1400} INFO - Marking task as SUCCESS. dag_id=ingest_to_gcs_to_bq, task_id=PostgresToGCS1, execution_date=20231203T000000, start_date=20240106T214009, end_date=20240106T214017
[2024-01-06T21:40:17.932+0000] {local_task_job_runner.py:228} INFO - Task exited with return code 0
[2024-01-06T21:40:17.982+0000] {taskinstance.py:2778} INFO - 1 downstream tasks scheduled from follow-on schedule check
