[2024-01-06T21:40:26.926+0000] {taskinstance.py:1159} INFO - Dependencies all met for dep_context=non-requeueable deps ti=<TaskInstance: ingest_to_gcs_to_bq.PostgresToGCS1 scheduled__2023-12-04T00:00:00+00:00 [queued]>
[2024-01-06T21:40:26.953+0000] {taskinstance.py:1159} INFO - Dependencies all met for dep_context=requeueable deps ti=<TaskInstance: ingest_to_gcs_to_bq.PostgresToGCS1 scheduled__2023-12-04T00:00:00+00:00 [queued]>
[2024-01-06T21:40:26.954+0000] {taskinstance.py:1361} INFO - Starting attempt 1 of 3
[2024-01-06T21:40:26.989+0000] {taskinstance.py:1382} INFO - Executing <Task(PythonOperator): PostgresToGCS1> on 2023-12-04 00:00:00+00:00
[2024-01-06T21:40:27.008+0000] {standard_task_runner.py:57} INFO - Started process 844 to run task
[2024-01-06T21:40:27.022+0000] {standard_task_runner.py:84} INFO - Running: ['airflow', 'tasks', 'run', 'ingest_to_gcs_to_bq', 'PostgresToGCS1', 'scheduled__2023-12-04T00:00:00+00:00', '--job-id', '335', '--raw', '--subdir', 'DAGS_FOLDER/postgres_to_gcs_staging.py', '--cfg-path', '/tmp/tmpc4zfpl9n']
[2024-01-06T21:40:27.036+0000] {standard_task_runner.py:85} INFO - Job 335: Subtask PostgresToGCS1
[2024-01-06T21:40:27.288+0000] {task_command.py:416} INFO - Running <TaskInstance: ingest_to_gcs_to_bq.PostgresToGCS1 scheduled__2023-12-04T00:00:00+00:00 [running]> on host 728034eac417
[2024-01-06T21:40:27.755+0000] {taskinstance.py:1662} INFO - Exporting env vars: AIRFLOW_CTX_DAG_EMAIL='franklinmutwiri41@gmail.com' AIRFLOW_CTX_DAG_OWNER='airflow' AIRFLOW_CTX_DAG_ID='ingest_to_gcs_to_bq' AIRFLOW_CTX_TASK_ID='PostgresToGCS1' AIRFLOW_CTX_EXECUTION_DATE='2023-12-04T00:00:00+00:00' AIRFLOW_CTX_TRY_NUMBER='1' AIRFLOW_CTX_DAG_RUN_ID='scheduled__2023-12-04T00:00:00+00:00'
[2024-01-06T21:40:27.757+0000] {logging_mixin.py:151} INFO - Current working directory: /opt/airflow
[2024-01-06T21:40:27.771+0000] {connection.py:232} WARNING - Connection schemes (type: google_cloud_platform) shall not contain '_' according to RFC3986.
[2024-01-06T21:40:27.773+0000] {base.py:73} INFO - Using connection ID 'google_cloud_default' for task execution.
[2024-01-06T21:40:27.786+0000] {base.py:73} INFO - Using connection ID 'postgres_docker_conn' for task execution.
[2024-01-06T21:40:27.800+0000] {base.py:73} INFO - Using connection ID 'postgres_docker_conn' for task execution.
[2024-01-06T21:40:27.814+0000] {postgres_to_gcs_staging.py:44} INFO - Uploading to bucket, course.csv
[2024-01-06T21:40:30.294+0000] {gcs.py:562} INFO - File course.csv uploaded to course.csv in school_data_lake_data-warehousing-proj bucket
[2024-01-06T21:40:30.306+0000] {connection.py:232} WARNING - Connection schemes (type: google_cloud_platform) shall not contain '_' according to RFC3986.
[2024-01-06T21:40:30.306+0000] {base.py:73} INFO - Using connection ID 'google_cloud_default' for task execution.
[2024-01-06T21:40:30.317+0000] {base.py:73} INFO - Using connection ID 'postgres_docker_conn' for task execution.
[2024-01-06T21:40:30.329+0000] {base.py:73} INFO - Using connection ID 'postgres_docker_conn' for task execution.
[2024-01-06T21:40:30.339+0000] {postgres_to_gcs_staging.py:44} INFO - Uploading to bucket, country.csv
[2024-01-06T21:40:32.795+0000] {gcs.py:562} INFO - File country.csv uploaded to country.csv in school_data_lake_data-warehousing-proj bucket
[2024-01-06T21:40:32.813+0000] {connection.py:232} WARNING - Connection schemes (type: google_cloud_platform) shall not contain '_' according to RFC3986.
[2024-01-06T21:40:32.814+0000] {base.py:73} INFO - Using connection ID 'google_cloud_default' for task execution.
[2024-01-06T21:40:32.833+0000] {base.py:73} INFO - Using connection ID 'postgres_docker_conn' for task execution.
[2024-01-06T21:40:32.862+0000] {base.py:73} INFO - Using connection ID 'postgres_docker_conn' for task execution.
[2024-01-06T21:40:32.898+0000] {postgres_to_gcs_staging.py:44} INFO - Uploading to bucket, department.csv
[2024-01-06T21:40:35.419+0000] {gcs.py:562} INFO - File department.csv uploaded to department.csv in school_data_lake_data-warehousing-proj bucket
[2024-01-06T21:40:35.420+0000] {python.py:194} INFO - Done. Returned value was: None
[2024-01-06T21:40:35.447+0000] {taskinstance.py:1400} INFO - Marking task as SUCCESS. dag_id=ingest_to_gcs_to_bq, task_id=PostgresToGCS1, execution_date=20231204T000000, start_date=20240106T214026, end_date=20240106T214035
[2024-01-06T21:40:35.489+0000] {local_task_job_runner.py:228} INFO - Task exited with return code 0
[2024-01-06T21:40:35.535+0000] {taskinstance.py:2778} INFO - 1 downstream tasks scheduled from follow-on schedule check
