[2024-01-07T13:51:42.865+0000] {taskinstance.py:1159} INFO - Dependencies all met for dep_context=non-requeueable deps ti=<TaskInstance: ingest_from_postgres_to_GCS_bucket.copy_department_Postgres_To_GCS scheduled__2023-11-30T00:00:00+00:00 [queued]>
[2024-01-07T13:51:42.882+0000] {taskinstance.py:1159} INFO - Dependencies all met for dep_context=requeueable deps ti=<TaskInstance: ingest_from_postgres_to_GCS_bucket.copy_department_Postgres_To_GCS scheduled__2023-11-30T00:00:00+00:00 [queued]>
[2024-01-07T13:51:42.882+0000] {taskinstance.py:1361} INFO - Starting attempt 1 of 3
[2024-01-07T13:51:42.908+0000] {taskinstance.py:1382} INFO - Executing <Task(PythonOperator): copy_department_Postgres_To_GCS> on 2023-11-30 00:00:00+00:00
[2024-01-07T13:51:42.916+0000] {standard_task_runner.py:57} INFO - Started process 646 to run task
[2024-01-07T13:51:42.922+0000] {standard_task_runner.py:84} INFO - Running: ['***', 'tasks', 'run', 'ingest_from_postgres_to_GCS_bucket', 'copy_department_Postgres_To_GCS', 'scheduled__2023-11-30T00:00:00+00:00', '--job-id', '145', '--raw', '--subdir', 'DAGS_FOLDER/postgres_to_gcs_staging.py', '--cfg-path', '/tmp/tmpet7bzaz0']
[2024-01-07T13:51:42.925+0000] {standard_task_runner.py:85} INFO - Job 145: Subtask copy_department_Postgres_To_GCS
[2024-01-07T13:51:43.002+0000] {task_command.py:416} INFO - Running <TaskInstance: ingest_from_postgres_to_GCS_bucket.copy_department_Postgres_To_GCS scheduled__2023-11-30T00:00:00+00:00 [running]> on host 5d007c0b4985
[2024-01-07T13:51:43.135+0000] {taskinstance.py:1662} INFO - Exporting env vars: AIRFLOW_CTX_DAG_EMAIL='franklinmutwiri41@gmail.com' AIRFLOW_CTX_DAG_OWNER='***' AIRFLOW_CTX_DAG_ID='ingest_from_postgres_to_GCS_bucket' AIRFLOW_CTX_TASK_ID='copy_department_Postgres_To_GCS' AIRFLOW_CTX_EXECUTION_DATE='2023-11-30T00:00:00+00:00' AIRFLOW_CTX_TRY_NUMBER='1' AIRFLOW_CTX_DAG_RUN_ID='scheduled__2023-11-30T00:00:00+00:00'
[2024-01-07T13:51:43.153+0000] {base.py:73} INFO - Using connection ID 'postgres_docker_conn' for task execution.
[2024-01-07T13:51:43.169+0000] {base.py:73} INFO - Using connection ID 'postgres_docker_conn' for task execution.
[2024-01-07T13:51:43.193+0000] {logging_mixin.py:151} WARNING - /home/***/.local/lib/python3.8/site-packages/***/providers/common/sql/hooks/sql.py:219 UserWarning: pandas only supports SQLAlchemy connectable (engine/connection) or database string URI or sqlite3 DBAPI2 connection. Other DBAPI2 objects are not tested. Please consider using SQLAlchemy.
[2024-01-07T13:51:43.200+0000] {postgres_to_gcs_staging.py:52} INFO - Uploading to bucket, department
[2024-01-07T13:51:43.200+0000] {python.py:194} INFO - Done. Returned value was: None
[2024-01-07T13:51:43.217+0000] {taskinstance.py:1400} INFO - Marking task as SUCCESS. dag_id=ingest_from_postgres_to_GCS_bucket, task_id=copy_department_Postgres_To_GCS, execution_date=20231130T000000, start_date=20240107T135142, end_date=20240107T135143
[2024-01-07T13:51:43.253+0000] {local_task_job_runner.py:228} INFO - Task exited with return code 0
[2024-01-07T13:51:43.317+0000] {taskinstance.py:2778} INFO - 0 downstream tasks scheduled from follow-on schedule check
[2024-01-07T15:49:42.646+0000] {taskinstance.py:1159} INFO - Dependencies all met for dep_context=non-requeueable deps ti=<TaskInstance: ingest_from_postgres_to_GCS_bucket.copy_department_Postgres_To_GCS scheduled__2023-11-30T00:00:00+00:00 [queued]>
[2024-01-07T15:49:42.673+0000] {taskinstance.py:1159} INFO - Dependencies all met for dep_context=requeueable deps ti=<TaskInstance: ingest_from_postgres_to_GCS_bucket.copy_department_Postgres_To_GCS scheduled__2023-11-30T00:00:00+00:00 [queued]>
[2024-01-07T15:49:42.673+0000] {taskinstance.py:1361} INFO - Starting attempt 1 of 3
[2024-01-07T15:49:42.711+0000] {taskinstance.py:1382} INFO - Executing <Task(PythonOperator): copy_department_Postgres_To_GCS> on 2023-11-30 00:00:00+00:00
[2024-01-07T15:49:42.724+0000] {standard_task_runner.py:57} INFO - Started process 3935 to run task
[2024-01-07T15:49:42.729+0000] {standard_task_runner.py:84} INFO - Running: ['***', 'tasks', 'run', 'ingest_from_postgres_to_GCS_bucket', 'copy_department_Postgres_To_GCS', 'scheduled__2023-11-30T00:00:00+00:00', '--job-id', '276', '--raw', '--subdir', 'DAGS_FOLDER/postgres_to_gcs_staging.py', '--cfg-path', '/tmp/tmpuhicus0s']
[2024-01-07T15:49:42.735+0000] {standard_task_runner.py:85} INFO - Job 276: Subtask copy_department_Postgres_To_GCS
[2024-01-07T15:49:42.842+0000] {task_command.py:416} INFO - Running <TaskInstance: ingest_from_postgres_to_GCS_bucket.copy_department_Postgres_To_GCS scheduled__2023-11-30T00:00:00+00:00 [running]> on host 5d007c0b4985
[2024-01-07T15:49:42.987+0000] {taskinstance.py:1662} INFO - Exporting env vars: AIRFLOW_CTX_DAG_EMAIL='franklinmutwiri41@gmail.com' AIRFLOW_CTX_DAG_OWNER='***' AIRFLOW_CTX_DAG_ID='ingest_from_postgres_to_GCS_bucket' AIRFLOW_CTX_TASK_ID='copy_department_Postgres_To_GCS' AIRFLOW_CTX_EXECUTION_DATE='2023-11-30T00:00:00+00:00' AIRFLOW_CTX_TRY_NUMBER='1' AIRFLOW_CTX_DAG_RUN_ID='scheduled__2023-11-30T00:00:00+00:00'
[2024-01-07T15:49:43.005+0000] {base.py:73} INFO - Using connection ID 'postgres_docker_conn' for task execution.
[2024-01-07T15:49:43.022+0000] {base.py:73} INFO - Using connection ID 'postgres_docker_conn' for task execution.
[2024-01-07T15:49:43.054+0000] {logging_mixin.py:151} WARNING - /home/***/.local/lib/python3.8/site-packages/***/providers/common/sql/hooks/sql.py:219 UserWarning: pandas only supports SQLAlchemy connectable (engine/connection) or database string URI or sqlite3 DBAPI2 connection. Other DBAPI2 objects are not tested. Please consider using SQLAlchemy.
[2024-01-07T15:49:43.062+0000] {postgres_to_gcs_staging.py:52} INFO - Uploading to bucket, department
[2024-01-07T15:49:43.062+0000] {python.py:194} INFO - Done. Returned value was: None
[2024-01-07T15:49:43.079+0000] {taskinstance.py:1400} INFO - Marking task as SUCCESS. dag_id=ingest_from_postgres_to_GCS_bucket, task_id=copy_department_Postgres_To_GCS, execution_date=20231130T000000, start_date=20240107T154942, end_date=20240107T154943
[2024-01-07T15:49:43.145+0000] {local_task_job_runner.py:228} INFO - Task exited with return code 0
[2024-01-07T15:49:43.189+0000] {taskinstance.py:2778} INFO - 0 downstream tasks scheduled from follow-on schedule check
