[2024-01-07T13:53:01.749+0000] {taskinstance.py:1159} INFO - Dependencies all met for dep_context=non-requeueable deps ti=<TaskInstance: ingest_from_postgres_to_GCS_bucket.copy_country_Postgres_To_GCS scheduled__2023-12-18T00:00:00+00:00 [queued]>
[2024-01-07T13:53:01.770+0000] {taskinstance.py:1159} INFO - Dependencies all met for dep_context=requeueable deps ti=<TaskInstance: ingest_from_postgres_to_GCS_bucket.copy_country_Postgres_To_GCS scheduled__2023-12-18T00:00:00+00:00 [queued]>
[2024-01-07T13:53:01.771+0000] {taskinstance.py:1361} INFO - Starting attempt 1 of 3
[2024-01-07T13:53:01.807+0000] {taskinstance.py:1382} INFO - Executing <Task(PythonOperator): copy_country_Postgres_To_GCS> on 2023-12-18 00:00:00+00:00
[2024-01-07T13:53:01.815+0000] {standard_task_runner.py:57} INFO - Started process 832 to run task
[2024-01-07T13:53:01.819+0000] {standard_task_runner.py:84} INFO - Running: ['***', 'tasks', 'run', 'ingest_from_postgres_to_GCS_bucket', 'copy_country_Postgres_To_GCS', 'scheduled__2023-12-18T00:00:00+00:00', '--job-id', '196', '--raw', '--subdir', 'DAGS_FOLDER/postgres_to_gcs_staging.py', '--cfg-path', '/tmp/tmprxn0z7n9']
[2024-01-07T13:53:01.823+0000] {standard_task_runner.py:85} INFO - Job 196: Subtask copy_country_Postgres_To_GCS
[2024-01-07T13:53:01.988+0000] {task_command.py:416} INFO - Running <TaskInstance: ingest_from_postgres_to_GCS_bucket.copy_country_Postgres_To_GCS scheduled__2023-12-18T00:00:00+00:00 [running]> on host 5d007c0b4985
[2024-01-07T13:53:02.148+0000] {taskinstance.py:1662} INFO - Exporting env vars: AIRFLOW_CTX_DAG_EMAIL='franklinmutwiri41@gmail.com' AIRFLOW_CTX_DAG_OWNER='***' AIRFLOW_CTX_DAG_ID='ingest_from_postgres_to_GCS_bucket' AIRFLOW_CTX_TASK_ID='copy_country_Postgres_To_GCS' AIRFLOW_CTX_EXECUTION_DATE='2023-12-18T00:00:00+00:00' AIRFLOW_CTX_TRY_NUMBER='1' AIRFLOW_CTX_DAG_RUN_ID='scheduled__2023-12-18T00:00:00+00:00'
[2024-01-07T13:53:02.168+0000] {base.py:73} INFO - Using connection ID 'postgres_docker_conn' for task execution.
[2024-01-07T13:53:02.187+0000] {base.py:73} INFO - Using connection ID 'postgres_docker_conn' for task execution.
[2024-01-07T13:53:02.211+0000] {logging_mixin.py:151} WARNING - /home/***/.local/lib/python3.8/site-packages/***/providers/common/sql/hooks/sql.py:219 UserWarning: pandas only supports SQLAlchemy connectable (engine/connection) or database string URI or sqlite3 DBAPI2 connection. Other DBAPI2 objects are not tested. Please consider using SQLAlchemy.
[2024-01-07T13:53:02.219+0000] {postgres_to_gcs_staging.py:52} INFO - Uploading to bucket, country
[2024-01-07T13:53:02.219+0000] {python.py:194} INFO - Done. Returned value was: None
[2024-01-07T13:53:02.238+0000] {taskinstance.py:1400} INFO - Marking task as SUCCESS. dag_id=ingest_from_postgres_to_GCS_bucket, task_id=copy_country_Postgres_To_GCS, execution_date=20231218T000000, start_date=20240107T135301, end_date=20240107T135302
[2024-01-07T13:53:02.313+0000] {local_task_job_runner.py:228} INFO - Task exited with return code 0
[2024-01-07T13:53:02.340+0000] {taskinstance.py:2778} INFO - 0 downstream tasks scheduled from follow-on schedule check
[2024-01-07T15:50:52.373+0000] {taskinstance.py:1159} INFO - Dependencies all met for dep_context=non-requeueable deps ti=<TaskInstance: ingest_from_postgres_to_GCS_bucket.copy_country_Postgres_To_GCS scheduled__2023-12-18T00:00:00+00:00 [queued]>
[2024-01-07T15:50:52.400+0000] {taskinstance.py:1159} INFO - Dependencies all met for dep_context=requeueable deps ti=<TaskInstance: ingest_from_postgres_to_GCS_bucket.copy_country_Postgres_To_GCS scheduled__2023-12-18T00:00:00+00:00 [queued]>
[2024-01-07T15:50:52.400+0000] {taskinstance.py:1361} INFO - Starting attempt 1 of 3
[2024-01-07T15:50:52.429+0000] {taskinstance.py:1382} INFO - Executing <Task(PythonOperator): copy_country_Postgres_To_GCS> on 2023-12-18 00:00:00+00:00
[2024-01-07T15:50:52.435+0000] {standard_task_runner.py:57} INFO - Started process 4113 to run task
[2024-01-07T15:50:52.439+0000] {standard_task_runner.py:84} INFO - Running: ['***', 'tasks', 'run', 'ingest_from_postgres_to_GCS_bucket', 'copy_country_Postgres_To_GCS', 'scheduled__2023-12-18T00:00:00+00:00', '--job-id', '325', '--raw', '--subdir', 'DAGS_FOLDER/postgres_to_gcs_staging.py', '--cfg-path', '/tmp/tmp_f_1j4g5']
[2024-01-07T15:50:52.444+0000] {standard_task_runner.py:85} INFO - Job 325: Subtask copy_country_Postgres_To_GCS
[2024-01-07T15:50:52.526+0000] {task_command.py:416} INFO - Running <TaskInstance: ingest_from_postgres_to_GCS_bucket.copy_country_Postgres_To_GCS scheduled__2023-12-18T00:00:00+00:00 [running]> on host 5d007c0b4985
[2024-01-07T15:50:52.668+0000] {taskinstance.py:1662} INFO - Exporting env vars: AIRFLOW_CTX_DAG_EMAIL='franklinmutwiri41@gmail.com' AIRFLOW_CTX_DAG_OWNER='***' AIRFLOW_CTX_DAG_ID='ingest_from_postgres_to_GCS_bucket' AIRFLOW_CTX_TASK_ID='copy_country_Postgres_To_GCS' AIRFLOW_CTX_EXECUTION_DATE='2023-12-18T00:00:00+00:00' AIRFLOW_CTX_TRY_NUMBER='1' AIRFLOW_CTX_DAG_RUN_ID='scheduled__2023-12-18T00:00:00+00:00'
[2024-01-07T15:50:52.687+0000] {base.py:73} INFO - Using connection ID 'postgres_docker_conn' for task execution.
[2024-01-07T15:50:52.703+0000] {base.py:73} INFO - Using connection ID 'postgres_docker_conn' for task execution.
[2024-01-07T15:50:52.725+0000] {logging_mixin.py:151} WARNING - /home/***/.local/lib/python3.8/site-packages/***/providers/common/sql/hooks/sql.py:219 UserWarning: pandas only supports SQLAlchemy connectable (engine/connection) or database string URI or sqlite3 DBAPI2 connection. Other DBAPI2 objects are not tested. Please consider using SQLAlchemy.
[2024-01-07T15:50:52.732+0000] {postgres_to_gcs_staging.py:52} INFO - Uploading to bucket, country
[2024-01-07T15:50:52.732+0000] {python.py:194} INFO - Done. Returned value was: None
[2024-01-07T15:50:52.749+0000] {taskinstance.py:1400} INFO - Marking task as SUCCESS. dag_id=ingest_from_postgres_to_GCS_bucket, task_id=copy_country_Postgres_To_GCS, execution_date=20231218T000000, start_date=20240107T155052, end_date=20240107T155052
[2024-01-07T15:50:52.771+0000] {local_task_job_runner.py:228} INFO - Task exited with return code 0
[2024-01-07T15:50:52.796+0000] {taskinstance.py:2778} INFO - 0 downstream tasks scheduled from follow-on schedule check
