[2024-01-07T13:52:37.992+0000] {taskinstance.py:1159} INFO - Dependencies all met for dep_context=non-requeueable deps ti=<TaskInstance: ingest_from_postgres_to_GCS_bucket.copy_course_Postgres_To_GCS scheduled__2023-12-13T00:00:00+00:00 [queued]>
[2024-01-07T13:52:38.013+0000] {taskinstance.py:1159} INFO - Dependencies all met for dep_context=requeueable deps ti=<TaskInstance: ingest_from_postgres_to_GCS_bucket.copy_course_Postgres_To_GCS scheduled__2023-12-13T00:00:00+00:00 [queued]>
[2024-01-07T13:52:38.014+0000] {taskinstance.py:1361} INFO - Starting attempt 1 of 3
[2024-01-07T13:52:38.078+0000] {taskinstance.py:1382} INFO - Executing <Task(PythonOperator): copy_course_Postgres_To_GCS> on 2023-12-13 00:00:00+00:00
[2024-01-07T13:52:38.106+0000] {standard_task_runner.py:57} INFO - Started process 778 to run task
[2024-01-07T13:52:38.113+0000] {standard_task_runner.py:84} INFO - Running: ['***', 'tasks', 'run', 'ingest_from_postgres_to_GCS_bucket', 'copy_course_Postgres_To_GCS', 'scheduled__2023-12-13T00:00:00+00:00', '--job-id', '181', '--raw', '--subdir', 'DAGS_FOLDER/postgres_to_gcs_staging.py', '--cfg-path', '/tmp/tmpr_t7v_lu']
[2024-01-07T13:52:38.119+0000] {standard_task_runner.py:85} INFO - Job 181: Subtask copy_course_Postgres_To_GCS
[2024-01-07T13:52:38.283+0000] {task_command.py:416} INFO - Running <TaskInstance: ingest_from_postgres_to_GCS_bucket.copy_course_Postgres_To_GCS scheduled__2023-12-13T00:00:00+00:00 [running]> on host 5d007c0b4985
[2024-01-07T13:52:38.501+0000] {taskinstance.py:1662} INFO - Exporting env vars: AIRFLOW_CTX_DAG_EMAIL='franklinmutwiri41@gmail.com' AIRFLOW_CTX_DAG_OWNER='***' AIRFLOW_CTX_DAG_ID='ingest_from_postgres_to_GCS_bucket' AIRFLOW_CTX_TASK_ID='copy_course_Postgres_To_GCS' AIRFLOW_CTX_EXECUTION_DATE='2023-12-13T00:00:00+00:00' AIRFLOW_CTX_TRY_NUMBER='1' AIRFLOW_CTX_DAG_RUN_ID='scheduled__2023-12-13T00:00:00+00:00'
[2024-01-07T13:52:38.520+0000] {base.py:73} INFO - Using connection ID 'postgres_docker_conn' for task execution.
[2024-01-07T13:52:38.539+0000] {base.py:73} INFO - Using connection ID 'postgres_docker_conn' for task execution.
[2024-01-07T13:52:38.599+0000] {logging_mixin.py:151} WARNING - /home/***/.local/lib/python3.8/site-packages/***/providers/common/sql/hooks/sql.py:219 UserWarning: pandas only supports SQLAlchemy connectable (engine/connection) or database string URI or sqlite3 DBAPI2 connection. Other DBAPI2 objects are not tested. Please consider using SQLAlchemy.
[2024-01-07T13:52:38.608+0000] {postgres_to_gcs_staging.py:52} INFO - Uploading to bucket, course
[2024-01-07T13:52:38.609+0000] {python.py:194} INFO - Done. Returned value was: None
[2024-01-07T13:52:38.631+0000] {taskinstance.py:1400} INFO - Marking task as SUCCESS. dag_id=ingest_from_postgres_to_GCS_bucket, task_id=copy_course_Postgres_To_GCS, execution_date=20231213T000000, start_date=20240107T135237, end_date=20240107T135238
[2024-01-07T13:52:39.024+0000] {local_task_job_runner.py:228} INFO - Task exited with return code 0
[2024-01-07T13:52:39.058+0000] {taskinstance.py:2778} INFO - 0 downstream tasks scheduled from follow-on schedule check
[2024-01-07T15:50:30.541+0000] {taskinstance.py:1159} INFO - Dependencies all met for dep_context=non-requeueable deps ti=<TaskInstance: ingest_from_postgres_to_GCS_bucket.copy_course_Postgres_To_GCS scheduled__2023-12-13T00:00:00+00:00 [queued]>
[2024-01-07T15:50:30.571+0000] {taskinstance.py:1159} INFO - Dependencies all met for dep_context=requeueable deps ti=<TaskInstance: ingest_from_postgres_to_GCS_bucket.copy_course_Postgres_To_GCS scheduled__2023-12-13T00:00:00+00:00 [queued]>
[2024-01-07T15:50:30.572+0000] {taskinstance.py:1361} INFO - Starting attempt 1 of 3
[2024-01-07T15:50:30.601+0000] {taskinstance.py:1382} INFO - Executing <Task(PythonOperator): copy_course_Postgres_To_GCS> on 2023-12-13 00:00:00+00:00
[2024-01-07T15:50:30.613+0000] {standard_task_runner.py:57} INFO - Started process 4054 to run task
[2024-01-07T15:50:30.619+0000] {standard_task_runner.py:84} INFO - Running: ['***', 'tasks', 'run', 'ingest_from_postgres_to_GCS_bucket', 'copy_course_Postgres_To_GCS', 'scheduled__2023-12-13T00:00:00+00:00', '--job-id', '310', '--raw', '--subdir', 'DAGS_FOLDER/postgres_to_gcs_staging.py', '--cfg-path', '/tmp/tmpu4vqrsjh']
[2024-01-07T15:50:30.623+0000] {standard_task_runner.py:85} INFO - Job 310: Subtask copy_course_Postgres_To_GCS
[2024-01-07T15:50:30.723+0000] {task_command.py:416} INFO - Running <TaskInstance: ingest_from_postgres_to_GCS_bucket.copy_course_Postgres_To_GCS scheduled__2023-12-13T00:00:00+00:00 [running]> on host 5d007c0b4985
[2024-01-07T15:50:30.890+0000] {taskinstance.py:1662} INFO - Exporting env vars: AIRFLOW_CTX_DAG_EMAIL='franklinmutwiri41@gmail.com' AIRFLOW_CTX_DAG_OWNER='***' AIRFLOW_CTX_DAG_ID='ingest_from_postgres_to_GCS_bucket' AIRFLOW_CTX_TASK_ID='copy_course_Postgres_To_GCS' AIRFLOW_CTX_EXECUTION_DATE='2023-12-13T00:00:00+00:00' AIRFLOW_CTX_TRY_NUMBER='1' AIRFLOW_CTX_DAG_RUN_ID='scheduled__2023-12-13T00:00:00+00:00'
[2024-01-07T15:50:30.928+0000] {base.py:73} INFO - Using connection ID 'postgres_docker_conn' for task execution.
[2024-01-07T15:50:30.966+0000] {base.py:73} INFO - Using connection ID 'postgres_docker_conn' for task execution.
[2024-01-07T15:50:31.008+0000] {logging_mixin.py:151} WARNING - /home/***/.local/lib/python3.8/site-packages/***/providers/common/sql/hooks/sql.py:219 UserWarning: pandas only supports SQLAlchemy connectable (engine/connection) or database string URI or sqlite3 DBAPI2 connection. Other DBAPI2 objects are not tested. Please consider using SQLAlchemy.
[2024-01-07T15:50:31.017+0000] {postgres_to_gcs_staging.py:52} INFO - Uploading to bucket, course
[2024-01-07T15:50:31.018+0000] {python.py:194} INFO - Done. Returned value was: None
[2024-01-07T15:50:31.037+0000] {taskinstance.py:1400} INFO - Marking task as SUCCESS. dag_id=ingest_from_postgres_to_GCS_bucket, task_id=copy_course_Postgres_To_GCS, execution_date=20231213T000000, start_date=20240107T155030, end_date=20240107T155031
[2024-01-07T15:50:31.163+0000] {local_task_job_runner.py:228} INFO - Task exited with return code 0
[2024-01-07T15:50:31.195+0000] {taskinstance.py:2778} INFO - 0 downstream tasks scheduled from follow-on schedule check
