[2024-01-07T13:52:13.550+0000] {taskinstance.py:1159} INFO - Dependencies all met for dep_context=non-requeueable deps ti=<TaskInstance: ingest_from_postgres_to_GCS_bucket.copy_department_Postgres_To_GCS scheduled__2023-12-08T00:00:00+00:00 [queued]>
[2024-01-07T13:52:13.573+0000] {taskinstance.py:1159} INFO - Dependencies all met for dep_context=requeueable deps ti=<TaskInstance: ingest_from_postgres_to_GCS_bucket.copy_department_Postgres_To_GCS scheduled__2023-12-08T00:00:00+00:00 [queued]>
[2024-01-07T13:52:13.574+0000] {taskinstance.py:1361} INFO - Starting attempt 1 of 3
[2024-01-07T13:52:13.611+0000] {taskinstance.py:1382} INFO - Executing <Task(PythonOperator): copy_department_Postgres_To_GCS> on 2023-12-08 00:00:00+00:00
[2024-01-07T13:52:13.619+0000] {standard_task_runner.py:57} INFO - Started process 729 to run task
[2024-01-07T13:52:13.628+0000] {standard_task_runner.py:84} INFO - Running: ['***', 'tasks', 'run', 'ingest_from_postgres_to_GCS_bucket', 'copy_department_Postgres_To_GCS', 'scheduled__2023-12-08T00:00:00+00:00', '--job-id', '168', '--raw', '--subdir', 'DAGS_FOLDER/postgres_to_gcs_staging.py', '--cfg-path', '/tmp/tmp152nheqs']
[2024-01-07T13:52:13.631+0000] {standard_task_runner.py:85} INFO - Job 168: Subtask copy_department_Postgres_To_GCS
[2024-01-07T13:52:13.746+0000] {task_command.py:416} INFO - Running <TaskInstance: ingest_from_postgres_to_GCS_bucket.copy_department_Postgres_To_GCS scheduled__2023-12-08T00:00:00+00:00 [running]> on host 5d007c0b4985
[2024-01-07T13:52:13.928+0000] {taskinstance.py:1662} INFO - Exporting env vars: AIRFLOW_CTX_DAG_EMAIL='franklinmutwiri41@gmail.com' AIRFLOW_CTX_DAG_OWNER='***' AIRFLOW_CTX_DAG_ID='ingest_from_postgres_to_GCS_bucket' AIRFLOW_CTX_TASK_ID='copy_department_Postgres_To_GCS' AIRFLOW_CTX_EXECUTION_DATE='2023-12-08T00:00:00+00:00' AIRFLOW_CTX_TRY_NUMBER='1' AIRFLOW_CTX_DAG_RUN_ID='scheduled__2023-12-08T00:00:00+00:00'
[2024-01-07T13:52:13.976+0000] {base.py:73} INFO - Using connection ID 'postgres_docker_conn' for task execution.
[2024-01-07T13:52:14.003+0000] {base.py:73} INFO - Using connection ID 'postgres_docker_conn' for task execution.
[2024-01-07T13:52:14.048+0000] {logging_mixin.py:151} WARNING - /home/***/.local/lib/python3.8/site-packages/***/providers/common/sql/hooks/sql.py:219 UserWarning: pandas only supports SQLAlchemy connectable (engine/connection) or database string URI or sqlite3 DBAPI2 connection. Other DBAPI2 objects are not tested. Please consider using SQLAlchemy.
[2024-01-07T13:52:14.063+0000] {postgres_to_gcs_staging.py:52} INFO - Uploading to bucket, department
[2024-01-07T13:52:14.063+0000] {python.py:194} INFO - Done. Returned value was: None
[2024-01-07T13:52:14.102+0000] {taskinstance.py:1400} INFO - Marking task as SUCCESS. dag_id=ingest_from_postgres_to_GCS_bucket, task_id=copy_department_Postgres_To_GCS, execution_date=20231208T000000, start_date=20240107T135213, end_date=20240107T135214
[2024-01-07T13:52:14.163+0000] {local_task_job_runner.py:228} INFO - Task exited with return code 0
[2024-01-07T13:52:14.217+0000] {taskinstance.py:2778} INFO - 0 downstream tasks scheduled from follow-on schedule check
[2024-01-07T15:50:16.645+0000] {taskinstance.py:1159} INFO - Dependencies all met for dep_context=non-requeueable deps ti=<TaskInstance: ingest_from_postgres_to_GCS_bucket.copy_department_Postgres_To_GCS scheduled__2023-12-08T00:00:00+00:00 [queued]>
[2024-01-07T15:50:16.678+0000] {taskinstance.py:1159} INFO - Dependencies all met for dep_context=requeueable deps ti=<TaskInstance: ingest_from_postgres_to_GCS_bucket.copy_department_Postgres_To_GCS scheduled__2023-12-08T00:00:00+00:00 [queued]>
[2024-01-07T15:50:16.678+0000] {taskinstance.py:1361} INFO - Starting attempt 1 of 3
[2024-01-07T15:50:16.734+0000] {taskinstance.py:1382} INFO - Executing <Task(PythonOperator): copy_department_Postgres_To_GCS> on 2023-12-08 00:00:00+00:00
[2024-01-07T15:50:16.745+0000] {standard_task_runner.py:57} INFO - Started process 4017 to run task
[2024-01-07T15:50:16.749+0000] {standard_task_runner.py:84} INFO - Running: ['***', 'tasks', 'run', 'ingest_from_postgres_to_GCS_bucket', 'copy_department_Postgres_To_GCS', 'scheduled__2023-12-08T00:00:00+00:00', '--job-id', '300', '--raw', '--subdir', 'DAGS_FOLDER/postgres_to_gcs_staging.py', '--cfg-path', '/tmp/tmp8i41879l']
[2024-01-07T15:50:16.753+0000] {standard_task_runner.py:85} INFO - Job 300: Subtask copy_department_Postgres_To_GCS
[2024-01-07T15:50:16.859+0000] {task_command.py:416} INFO - Running <TaskInstance: ingest_from_postgres_to_GCS_bucket.copy_department_Postgres_To_GCS scheduled__2023-12-08T00:00:00+00:00 [running]> on host 5d007c0b4985
[2024-01-07T15:50:17.044+0000] {taskinstance.py:1662} INFO - Exporting env vars: AIRFLOW_CTX_DAG_EMAIL='franklinmutwiri41@gmail.com' AIRFLOW_CTX_DAG_OWNER='***' AIRFLOW_CTX_DAG_ID='ingest_from_postgres_to_GCS_bucket' AIRFLOW_CTX_TASK_ID='copy_department_Postgres_To_GCS' AIRFLOW_CTX_EXECUTION_DATE='2023-12-08T00:00:00+00:00' AIRFLOW_CTX_TRY_NUMBER='1' AIRFLOW_CTX_DAG_RUN_ID='scheduled__2023-12-08T00:00:00+00:00'
[2024-01-07T15:50:17.061+0000] {base.py:73} INFO - Using connection ID 'postgres_docker_conn' for task execution.
[2024-01-07T15:50:17.076+0000] {base.py:73} INFO - Using connection ID 'postgres_docker_conn' for task execution.
[2024-01-07T15:50:17.102+0000] {logging_mixin.py:151} WARNING - /home/***/.local/lib/python3.8/site-packages/***/providers/common/sql/hooks/sql.py:219 UserWarning: pandas only supports SQLAlchemy connectable (engine/connection) or database string URI or sqlite3 DBAPI2 connection. Other DBAPI2 objects are not tested. Please consider using SQLAlchemy.
[2024-01-07T15:50:17.110+0000] {postgres_to_gcs_staging.py:52} INFO - Uploading to bucket, department
[2024-01-07T15:50:17.110+0000] {python.py:194} INFO - Done. Returned value was: None
[2024-01-07T15:50:17.130+0000] {taskinstance.py:1400} INFO - Marking task as SUCCESS. dag_id=ingest_from_postgres_to_GCS_bucket, task_id=copy_department_Postgres_To_GCS, execution_date=20231208T000000, start_date=20240107T155016, end_date=20240107T155017
[2024-01-07T15:50:17.245+0000] {local_task_job_runner.py:228} INFO - Task exited with return code 0
[2024-01-07T15:50:17.278+0000] {taskinstance.py:2778} INFO - 0 downstream tasks scheduled from follow-on schedule check
