[2023-12-01T19:00:05.192+0000] {taskinstance.py:1159} INFO - Dependencies all met for dep_context=non-requeueable deps ti=<TaskInstance: ingest_to_gcs_to_bq.PostgresToGCS1 scheduled__2023-11-30T00:00:00+00:00 [queued]>
[2023-12-01T19:00:05.205+0000] {taskinstance.py:1159} INFO - Dependencies all met for dep_context=requeueable deps ti=<TaskInstance: ingest_to_gcs_to_bq.PostgresToGCS1 scheduled__2023-11-30T00:00:00+00:00 [queued]>
[2023-12-01T19:00:05.205+0000] {taskinstance.py:1361} INFO - Starting attempt 1 of 3
[2023-12-01T19:00:05.236+0000] {taskinstance.py:1382} INFO - Executing <Task(PythonOperator): PostgresToGCS1> on 2023-11-30 00:00:00+00:00
[2023-12-01T19:00:05.244+0000] {standard_task_runner.py:57} INFO - Started process 10094 to run task
[2023-12-01T19:00:05.250+0000] {standard_task_runner.py:84} INFO - Running: ['airflow', 'tasks', 'run', 'ingest_to_gcs_to_bq', 'PostgresToGCS1', 'scheduled__2023-11-30T00:00:00+00:00', '--job-id', '316', '--raw', '--subdir', 'DAGS_FOLDER/postgres_to_gcs_staging.py', '--cfg-path', '/tmp/tmpo6cmkt1d']
[2023-12-01T19:00:05.254+0000] {standard_task_runner.py:85} INFO - Job 316: Subtask PostgresToGCS1
[2023-12-01T19:00:05.330+0000] {task_command.py:416} INFO - Running <TaskInstance: ingest_to_gcs_to_bq.PostgresToGCS1 scheduled__2023-11-30T00:00:00+00:00 [running]> on host 40ff33dd73db
[2023-12-01T19:00:05.464+0000] {taskinstance.py:1662} INFO - Exporting env vars: AIRFLOW_CTX_DAG_EMAIL='franklinmutwiri41@gmail.com' AIRFLOW_CTX_DAG_OWNER='airflow' AIRFLOW_CTX_DAG_ID='ingest_to_gcs_to_bq' AIRFLOW_CTX_TASK_ID='PostgresToGCS1' AIRFLOW_CTX_EXECUTION_DATE='2023-11-30T00:00:00+00:00' AIRFLOW_CTX_TRY_NUMBER='1' AIRFLOW_CTX_DAG_RUN_ID='scheduled__2023-11-30T00:00:00+00:00'
[2023-12-01T19:00:05.465+0000] {logging_mixin.py:151} INFO - Current working directory: /opt/airflow
[2023-12-01T19:00:05.479+0000] {connection.py:232} WARNING - Connection schemes (type: google_cloud_platform) shall not contain '_' according to RFC3986.
[2023-12-01T19:00:05.480+0000] {base.py:73} INFO - Using connection ID 'google_cloud_default' for task execution.
[2023-12-01T19:00:05.492+0000] {base.py:73} INFO - Using connection ID 'postgres_docker_conn' for task execution.
[2023-12-01T19:00:05.505+0000] {base.py:73} INFO - Using connection ID 'postgres_docker_conn' for task execution.
[2023-12-01T19:00:05.515+0000] {postgres_to_gcs_staging.py:44} INFO - Uploading to bucket, course.csv
[2023-12-01T19:00:07.205+0000] {gcs.py:562} INFO - File course.csv uploaded to course.csv in school_data_lake_data-warehousing-proj bucket
[2023-12-01T19:00:07.216+0000] {connection.py:232} WARNING - Connection schemes (type: google_cloud_platform) shall not contain '_' according to RFC3986.
[2023-12-01T19:00:07.217+0000] {base.py:73} INFO - Using connection ID 'google_cloud_default' for task execution.
[2023-12-01T19:00:07.230+0000] {base.py:73} INFO - Using connection ID 'postgres_docker_conn' for task execution.
[2023-12-01T19:00:07.242+0000] {base.py:73} INFO - Using connection ID 'postgres_docker_conn' for task execution.
[2023-12-01T19:00:07.253+0000] {postgres_to_gcs_staging.py:44} INFO - Uploading to bucket, country.csv
[2023-12-01T19:00:08.942+0000] {gcs.py:562} INFO - File country.csv uploaded to country.csv in school_data_lake_data-warehousing-proj bucket
[2023-12-01T19:00:08.955+0000] {connection.py:232} WARNING - Connection schemes (type: google_cloud_platform) shall not contain '_' according to RFC3986.
[2023-12-01T19:00:08.956+0000] {base.py:73} INFO - Using connection ID 'google_cloud_default' for task execution.
[2023-12-01T19:00:08.972+0000] {base.py:73} INFO - Using connection ID 'postgres_docker_conn' for task execution.
[2023-12-01T19:00:08.993+0000] {base.py:73} INFO - Using connection ID 'postgres_docker_conn' for task execution.
[2023-12-01T19:00:09.007+0000] {postgres_to_gcs_staging.py:44} INFO - Uploading to bucket, department.csv
[2023-12-01T19:00:10.696+0000] {gcs.py:562} INFO - File department.csv uploaded to department.csv in school_data_lake_data-warehousing-proj bucket
[2023-12-01T19:00:10.696+0000] {python.py:194} INFO - Done. Returned value was: None
[2023-12-01T19:00:10.720+0000] {taskinstance.py:1400} INFO - Marking task as SUCCESS. dag_id=ingest_to_gcs_to_bq, task_id=PostgresToGCS1, execution_date=20231130T000000, start_date=20231201T190005, end_date=20231201T190010
[2023-12-01T19:00:10.781+0000] {local_task_job_runner.py:228} INFO - Task exited with return code 0
[2023-12-01T19:00:10.828+0000] {taskinstance.py:2778} INFO - 1 downstream tasks scheduled from follow-on schedule check
